<?xml version="1.0" encoding="UTF-8"?>
<!-- Generated by org.testng.reporters.JUnitXMLReporter -->
<testsuite hostname="Prasannas-MacBook-Pro.local" name="More" tests="6" failures="0" timestamp="1 Sep 2016 10:58:00 GMT" time="17.407" errors="0">
  <testcase name="@BeforeClass setUp" time="0.0" classname="com.test.scripts.More">
    <failure type="org.openqa.selenium.WebDriverException" message="An unknown server-side error occurred while processing the command. Original error: Installing /var/folders/nr/4s9jnrms603817704q17wqn40000gp/T/201681-55744-1ls5hdi/Payload/IndiaSulekha6.3.2.app failed (WARNING: The server did not provide any stacktrace information)
Command duration or timeout: 16.79 seconds
Build info: version: &amp;apos;2.53.0&amp;apos;, revision: &amp;apos;35ae25b1534ae328c771e0856c93e187490ca824&amp;apos;, time: &amp;apos;2016-03-15 10:43:46&amp;apos;
System info: host: &amp;apos;Prasannas-MacBook-Pro.local&amp;apos;, ip: &amp;apos;10.10.4.140&amp;apos;, os.name: &amp;apos;Mac OS X&amp;apos;, os.arch: &amp;apos;x86_64&amp;apos;, os.version: &amp;apos;10.11.4&amp;apos;, java.version: &amp;apos;1.8.0_65&amp;apos;
Driver info: io.appium.java_client.ios.IOSDriver">
      <![CDATA[org.openqa.selenium.WebDriverException: An unknown server-side error occurred while processing the command. Original error: Installing /var/folders/nr/4s9jnrms603817704q17wqn40000gp/T/201681-55744-1ls5hdi/Payload/IndiaSulekha6.3.2.app failed (WARNING: The server did not provide any stacktrace information)
Command duration or timeout: 16.79 seconds
Build info: version: '2.53.0', revision: '35ae25b1534ae328c771e0856c93e187490ca824', time: '2016-03-15 10:43:46'
System info: host: 'Prasannas-MacBook-Pro.local', ip: '10.10.4.140', os.name: 'Mac OS X', os.arch: 'x86_64', os.version: '10.11.4', java.version: '1.8.0_65'
Driver info: io.appium.java_client.ios.IOSDriver
	at org.openqa.selenium.remote.ErrorHandler.createThrowable(ErrorHandler.java:206)
	at org.openqa.selenium.remote.ErrorHandler.throwIfResponseFailed(ErrorHandler.java:158)
	at org.openqa.selenium.remote.RemoteWebDriver.execute(RemoteWebDriver.java:678)
	at io.appium.java_client.DefaultGenericMobileDriver.execute(DefaultGenericMobileDriver.java:27)
	at io.appium.java_client.AppiumDriver.execute(AppiumDriver.java:1)
	at io.appium.java_client.ios.IOSDriver.execute(IOSDriver.java:1)
	at org.openqa.selenium.remote.RemoteWebDriver.startSession(RemoteWebDriver.java:249)
	at org.openqa.selenium.remote.RemoteWebDriver.<init>(RemoteWebDriver.java:131)
	at org.openqa.selenium.remote.RemoteWebDriver.<init>(RemoteWebDriver.java:158)
	at io.appium.java_client.DefaultGenericMobileDriver.<init>(DefaultGenericMobileDriver.java:22)
	at io.appium.java_client.AppiumDriver.<init>(AppiumDriver.java:202)
	at io.appium.java_client.ios.IOSDriver.<init>(IOSDriver.java:37)
	at com.test.baselib.SampleBaseLib.setUp(SampleBaseLib.java:52)
... Removed 28 stack frames]]>
    </failure>
  </testcase> <!-- @BeforeClass setUp -->
  <testcase name="@BeforeClass login" time="0.0" classname="com.test.scripts.More">
    <skipped/>
  </testcase> <!-- @BeforeClass login -->
  <testcase name="@BeforeMethod launchApp" time="0.0" classname="com.test.scripts.More">
    <skipped/>
  </testcase> <!-- @BeforeMethod launchApp -->
  <testcase name="@AfterMethod closeApp" time="0.0" classname="com.test.scripts.More">
    <skipped/>
  </testcase> <!-- @AfterMethod closeApp -->
  <testcase name="@BeforeMethod launchApp" time="0.0" classname="com.test.scripts.More">
    <skipped/>
  </testcase> <!-- @BeforeMethod launchApp -->
  <testcase name="@AfterMethod closeApp" time="0.0" classname="com.test.scripts.More">
    <skipped/>
  </testcase> <!-- @AfterMethod closeApp -->
  <testcase name="@BeforeMethod launchApp" time="0.0" classname="com.test.scripts.More">
    <skipped/>
  </testcase> <!-- @BeforeMethod launchApp -->
  <testcase name="@AfterMethod closeApp" time="0.0" classname="com.test.scripts.More">
    <skipped/>
  </testcase> <!-- @AfterMethod closeApp -->
  <testcase name="@BeforeMethod launchApp" time="0.0" classname="com.test.scripts.More">
    <skipped/>
  </testcase> <!-- @BeforeMethod launchApp -->
  <testcase name="@AfterMethod closeApp" time="0.0" classname="com.test.scripts.More">
    <skipped/>
  </testcase> <!-- @AfterMethod closeApp -->
  <testcase name="@BeforeMethod launchApp" time="0.0" classname="com.test.scripts.More">
    <skipped/>
  </testcase> <!-- @BeforeMethod launchApp -->
  <testcase name="@AfterMethod closeApp" time="0.0" classname="com.test.scripts.More">
    <skipped/>
  </testcase> <!-- @AfterMethod closeApp -->
  <testcase name="@BeforeMethod launchApp" time="0.0" classname="com.test.scripts.More">
    <skipped/>
  </testcase> <!-- @BeforeMethod launchApp -->
  <testcase name="@AfterMethod closeApp" time="0.0" classname="com.test.scripts.More">
    <skipped/>
  </testcase> <!-- @AfterMethod closeApp -->
  <testcase name="@AfterClass tearDown" time="0.0" classname="com.test.scripts.More">
    <skipped/>
  </testcase> <!-- @AfterClass tearDown -->
  <testcase name="MoreScreenAndShortlist" time="0.009" classname="com.test.scripts.More">
    <skipped/>
  </testcase> <!-- MoreScreenAndShortlist -->
  <testcase name="ListMyBuisnessPage" time="0.004" classname="com.test.scripts.More">
    <skipped/>
  </testcase> <!-- ListMyBuisnessPage -->
  <testcase name="NotificationPage" time="0.003" classname="com.test.scripts.More">
    <skipped/>
  </testcase> <!-- NotificationPage -->
  <testcase name="RemoveMyShortlist" time="0.002" classname="com.test.scripts.More">
    <skipped/>
  </testcase> <!-- RemoveMyShortlist -->
  <testcase name="PostedReview" time="0.003" classname="com.test.scripts.More">
    <skipped/>
  </testcase> <!-- PostedReview -->
  <testcase name="AnyReview" time="0.005" classname="com.test.scripts.More">
    <skipped/>
  </testcase> <!-- AnyReview -->
</testsuite> <!-- More -->
