<html>
<head>
<title>TestNG:  More</title>
<link href="../testng.css" rel="stylesheet" type="text/css" />
<link href="../my-testng.css" rel="stylesheet" type="text/css" />

<style type="text/css">
.log { display: none;} 
.stack-trace { display: none;} 
</style>
<script type="text/javascript">
<!--
function flip(e) {
  current = e.style.display;
  if (current == 'block') {
    e.style.display = 'none';
    return 0;
  }
  else {
    e.style.display = 'block';
    return 1;
  }
}

function toggleBox(szDivId, elem, msg1, msg2)
{
  var res = -1;  if (document.getElementById) {
    res = flip(document.getElementById(szDivId));
  }
  else if (document.all) {
    // this is the way old msie versions work
    res = flip(document.all[szDivId]);
  }
  if(elem) {
    if(res == 0) elem.innerHTML = msg1; else elem.innerHTML = msg2;
  }

}

function toggleAllBoxes() {
  if (document.getElementsByTagName) {
    d = document.getElementsByTagName('div');
    for (i = 0; i < d.length; i++) {
      if (d[i].className == 'log') {
        flip(d[i]);
      }
    }
  }
}

// -->
</script>

</head>
<body>
<h2 align='center'>More</h2><table border='1' align="center">
<tr>
<td>Tests passed/Failed/Skipped:</td><td>0/0/6</td>
</tr><tr>
<td>Started on:</td><td>Thu Sep 01 16:27:42 IST 2016</td>
</tr>
<tr><td>Total time:</td><td>17 seconds (17407 ms)</td>
</tr><tr>
<td>Included groups:</td><td></td>
</tr><tr>
<td>Excluded groups:</td><td></td>
</tr>
</table><p/>
<small><i>(Hover the method name to see the test class name)</i></small><p/>
<table width='100%' border='1' class='invocation-failed'>
<tr><td colspan='4' align='center'><b>FAILED CONFIGURATIONS</b></td></tr>
<tr><td><b>Test method</b></td>
<td width="30%"><b>Exception</b></td>
<td width="10%"><b>Time (seconds)</b></td>
<td><b>Instance</b></td>
</tr>
<tr>
<td title='com.test.scripts.More.setUp()'><b>setUp</b><br>Test class: com.test.scripts.More</td>
<td><div><pre>org.openqa.selenium.WebDriverException: An unknown server-side error occurred while processing the command. Original error: Installing /var/folders/nr/4s9jnrms603817704q17wqn40000gp/T/201681-55744-1ls5hdi/Payload/IndiaSulekha6.3.2.app failed (WARNING: The server did not provide any stacktrace information)
Command duration or timeout: 16.79 seconds
Build info: version: &apos;2.53.0&apos;, revision: &apos;35ae25b1534ae328c771e0856c93e187490ca824&apos;, time: &apos;2016-03-15 10:43:46&apos;
System info: host: &apos;Prasannas-MacBook-Pro.local&apos;, ip: &apos;10.10.4.140&apos;, os.name: &apos;Mac OS X&apos;, os.arch: &apos;x86_64&apos;, os.version: &apos;10.11.4&apos;, java.version: &apos;1.8.0_65&apos;
Driver info: io.appium.java_client.ios.IOSDriver
	at org.openqa.selenium.remote.ErrorHandler.createThrowable(ErrorHandler.java:206)
	at org.openqa.selenium.remote.ErrorHandler.throwIfResponseFailed(ErrorHandler.java:158)
	at org.openqa.selenium.remote.RemoteWebDriver.execute(RemoteWebDriver.java:678)
	at io.appium.java_client.DefaultGenericMobileDriver.execute(DefaultGenericMobileDriver.java:27)
	at io.appium.java_client.AppiumDriver.execute(AppiumDriver.java:1)
	at io.appium.java_client.ios.IOSDriver.execute(IOSDriver.java:1)
	at org.openqa.selenium.remote.RemoteWebDriver.startSession(RemoteWebDriver.java:249)
	at org.openqa.selenium.remote.RemoteWebDriver.&lt;init&gt;(RemoteWebDriver.java:131)
	at org.openqa.selenium.remote.RemoteWebDriver.&lt;init&gt;(RemoteWebDriver.java:158)
	at io.appium.java_client.DefaultGenericMobileDriver.&lt;init&gt;(DefaultGenericMobileDriver.java:22)
	at io.appium.java_client.AppiumDriver.&lt;init&gt;(AppiumDriver.java:202)
	at io.appium.java_client.ios.IOSDriver.&lt;init&gt;(IOSDriver.java:37)
	at com.test.baselib.SampleBaseLib.setUp(SampleBaseLib.java:52)
... Removed 28 stack frames</pre></div><a href='#' onClick='toggleBox("stack-trace1785397234", this, "Click to show all stack frames", "Click to hide stack frames")'>Click to show all stack frames</a>
<div class='stack-trace' id='stack-trace1785397234'><pre>org.openqa.selenium.WebDriverException: An unknown server-side error occurred while processing the command. Original error: Installing /var/folders/nr/4s9jnrms603817704q17wqn40000gp/T/201681-55744-1ls5hdi/Payload/IndiaSulekha6.3.2.app failed (WARNING: The server did not provide any stacktrace information)
Command duration or timeout: 16.79 seconds
Build info: version: &apos;2.53.0&apos;, revision: &apos;35ae25b1534ae328c771e0856c93e187490ca824&apos;, time: &apos;2016-03-15 10:43:46&apos;
System info: host: &apos;Prasannas-MacBook-Pro.local&apos;, ip: &apos;10.10.4.140&apos;, os.name: &apos;Mac OS X&apos;, os.arch: &apos;x86_64&apos;, os.version: &apos;10.11.4&apos;, java.version: &apos;1.8.0_65&apos;
Driver info: io.appium.java_client.ios.IOSDriver
	at sun.reflect.NativeConstructorAccessorImpl.newInstance0(Native Method)
	at sun.reflect.NativeConstructorAccessorImpl.newInstance(NativeConstructorAccessorImpl.java:62)
	at sun.reflect.DelegatingConstructorAccessorImpl.newInstance(DelegatingConstructorAccessorImpl.java:45)
	at java.lang.reflect.Constructor.newInstance(Constructor.java:422)
	at org.openqa.selenium.remote.ErrorHandler.createThrowable(ErrorHandler.java:206)
	at org.openqa.selenium.remote.ErrorHandler.throwIfResponseFailed(ErrorHandler.java:158)
	at org.openqa.selenium.remote.RemoteWebDriver.execute(RemoteWebDriver.java:678)
	at io.appium.java_client.DefaultGenericMobileDriver.execute(DefaultGenericMobileDriver.java:27)
	at io.appium.java_client.AppiumDriver.execute(AppiumDriver.java:1)
	at io.appium.java_client.ios.IOSDriver.execute(IOSDriver.java:1)
	at org.openqa.selenium.remote.RemoteWebDriver.startSession(RemoteWebDriver.java:249)
	at org.openqa.selenium.remote.RemoteWebDriver.&lt;init&gt;(RemoteWebDriver.java:131)
	at org.openqa.selenium.remote.RemoteWebDriver.&lt;init&gt;(RemoteWebDriver.java:158)
	at io.appium.java_client.DefaultGenericMobileDriver.&lt;init&gt;(DefaultGenericMobileDriver.java:22)
	at io.appium.java_client.AppiumDriver.&lt;init&gt;(AppiumDriver.java:202)
	at io.appium.java_client.ios.IOSDriver.&lt;init&gt;(IOSDriver.java:37)
	at com.test.baselib.SampleBaseLib.setUp(SampleBaseLib.java:52)
	at sun.reflect.NativeMethodAccessorImpl.invoke0(Native Method)
	at sun.reflect.NativeMethodAccessorImpl.invoke(NativeMethodAccessorImpl.java:62)
	at sun.reflect.DelegatingMethodAccessorImpl.invoke(DelegatingMethodAccessorImpl.java:43)
	at java.lang.reflect.Method.invoke(Method.java:497)
	at org.testng.internal.MethodInvocationHelper.invokeMethod(MethodInvocationHelper.java:85)
	at org.testng.internal.Invoker.invokeConfigurationMethod(Invoker.java:517)
	at org.testng.internal.Invoker.invokeConfigurations(Invoker.java:213)
	at org.testng.internal.Invoker.invokeConfigurations(Invoker.java:140)
	at org.testng.internal.TestMethodWorker.invokeBeforeClassMethods(TestMethodWorker.java:170)
	at org.testng.internal.TestMethodWorker.run(TestMethodWorker.java:104)
	at org.testng.TestRunner.privateRun(TestRunner.java:771)
	at org.testng.TestRunner.run(TestRunner.java:621)
	at org.testng.SuiteRunner.runTest(SuiteRunner.java:357)
	at org.testng.SuiteRunner.runSequentially(SuiteRunner.java:352)
	at org.testng.SuiteRunner.privateRun(SuiteRunner.java:310)
	at org.testng.SuiteRunner.run(SuiteRunner.java:259)
	at org.testng.SuiteRunnerWorker.runSuite(SuiteRunnerWorker.java:52)
	at org.testng.SuiteRunnerWorker.run(SuiteRunnerWorker.java:86)
	at org.testng.TestNG.runSuitesSequentially(TestNG.java:1199)
	at org.testng.TestNG.runSuitesLocally(TestNG.java:1124)
	at org.testng.TestNG.run(TestNG.java:1032)
	at org.testng.remote.AbstractRemoteTestNG.run(AbstractRemoteTestNG.java:126)
	at org.testng.remote.RemoteTestNG.initAndRun(RemoteTestNG.java:137)
	at org.testng.remote.RemoteTestNG.main(RemoteTestNG.java:58)
</pre></div></td>
<td>0</td>
<td>com.test.scripts.More@26653222</td></tr>
</table><p>
<table width='100%' border='1' class='invocation-skipped'>
<tr><td colspan='4' align='center'><b>SKIPPED CONFIGURATIONS</b></td></tr>
<tr><td><b>Test method</b></td>
<td width="30%"><b>Exception</b></td>
<td width="10%"><b>Time (seconds)</b></td>
<td><b>Instance</b></td>
</tr>
<tr>
<td title='com.test.scripts.More.login()'><b>login</b><br>Test class: com.test.scripts.More</td>
<td></td>
<td>0</td>
<td>com.test.scripts.More@26653222</td></tr>
<tr>
<td title='com.test.scripts.More.launchApp()'><b>launchApp</b><br>Test class: com.test.scripts.More</td>
<td></td>
<td>0</td>
<td>com.test.scripts.More@26653222</td></tr>
<tr>
<td title='com.test.scripts.More.launchApp()'><b>launchApp</b><br>Test class: com.test.scripts.More</td>
<td></td>
<td>0</td>
<td>com.test.scripts.More@26653222</td></tr>
<tr>
<td title='com.test.scripts.More.launchApp()'><b>launchApp</b><br>Test class: com.test.scripts.More</td>
<td></td>
<td>0</td>
<td>com.test.scripts.More@26653222</td></tr>
<tr>
<td title='com.test.scripts.More.launchApp()'><b>launchApp</b><br>Test class: com.test.scripts.More</td>
<td></td>
<td>0</td>
<td>com.test.scripts.More@26653222</td></tr>
<tr>
<td title='com.test.scripts.More.launchApp()'><b>launchApp</b><br>Test class: com.test.scripts.More</td>
<td></td>
<td>0</td>
<td>com.test.scripts.More@26653222</td></tr>
<tr>
<td title='com.test.scripts.More.launchApp()'><b>launchApp</b><br>Test class: com.test.scripts.More</td>
<td></td>
<td>0</td>
<td>com.test.scripts.More@26653222</td></tr>
<tr>
<td title='com.test.scripts.More.closeApp()'><b>closeApp</b><br>Test class: com.test.scripts.More</td>
<td></td>
<td>0</td>
<td>com.test.scripts.More@26653222</td></tr>
<tr>
<td title='com.test.scripts.More.closeApp()'><b>closeApp</b><br>Test class: com.test.scripts.More</td>
<td></td>
<td>0</td>
<td>com.test.scripts.More@26653222</td></tr>
<tr>
<td title='com.test.scripts.More.closeApp()'><b>closeApp</b><br>Test class: com.test.scripts.More</td>
<td></td>
<td>0</td>
<td>com.test.scripts.More@26653222</td></tr>
<tr>
<td title='com.test.scripts.More.closeApp()'><b>closeApp</b><br>Test class: com.test.scripts.More</td>
<td></td>
<td>0</td>
<td>com.test.scripts.More@26653222</td></tr>
<tr>
<td title='com.test.scripts.More.closeApp()'><b>closeApp</b><br>Test class: com.test.scripts.More</td>
<td></td>
<td>0</td>
<td>com.test.scripts.More@26653222</td></tr>
<tr>
<td title='com.test.scripts.More.closeApp()'><b>closeApp</b><br>Test class: com.test.scripts.More</td>
<td></td>
<td>0</td>
<td>com.test.scripts.More@26653222</td></tr>
<tr>
<td title='com.test.scripts.More.tearDown()'><b>tearDown</b><br>Test class: com.test.scripts.More</td>
<td></td>
<td>0</td>
<td>com.test.scripts.More@26653222</td></tr>
</table><p>
<table width='100%' border='1' class='invocation-skipped'>
<tr><td colspan='4' align='center'><b>SKIPPED TESTS</b></td></tr>
<tr><td><b>Test method</b></td>
<td width="30%"><b>Exception</b></td>
<td width="10%"><b>Time (seconds)</b></td>
<td><b>Instance</b></td>
</tr>
<tr>
<td title='com.test.scripts.More.AnyReview()'><b>AnyReview</b><br>Test class: com.test.scripts.More<br>Test method: Tap on any review displayed in My reviews page</td>
<td></td>
<td>0</td>
<td>com.test.scripts.More@26653222</td></tr>
<tr>
<td title='com.test.scripts.More.ListMyBuisnessPage()'><b>ListMyBuisnessPage</b><br>Test class: com.test.scripts.More<br>Test method: Check tapping on 'List my business'</td>
<td></td>
<td>0</td>
<td>com.test.scripts.More@26653222</td></tr>
<tr>
<td title='com.test.scripts.More.MoreScreenAndShortlist()'><b>MoreScreenAndShortlist</b><br>Test class: com.test.scripts.More<br>Test method: Tap on More in Home page and tap on shortlist link.</td>
<td></td>
<td>0</td>
<td>com.test.scripts.More@26653222</td></tr>
<tr>
<td title='com.test.scripts.More.NotificationPage()'><b>NotificationPage</b><br>Test class: com.test.scripts.More<br>Test method: View notification and tap on any of it.</td>
<td></td>
<td>0</td>
<td>com.test.scripts.More@26653222</td></tr>
<tr>
<td title='com.test.scripts.More.PostedReview()'><b>PostedReview</b><br>Test class: com.test.scripts.More<br>Test method: Check whether review posted by the user is displayed in Reviews page.</td>
<td></td>
<td>0</td>
<td>com.test.scripts.More@26653222</td></tr>
<tr>
<td title='com.test.scripts.More.RemoveMyShortlist()'><b>RemoveMyShortlist</b><br>Test class: com.test.scripts.More<br>Test method: Remove shortlist and verify.</td>
<td></td>
<td>0</td>
<td>com.test.scripts.More@26653222</td></tr>
</table><p>
</body>
</html>