<?xml version="1.0" encoding="UTF-8"?>
<!-- Generated by org.testng.reporters.JUnitXMLReporter -->
<testsuite hostname="Prasannas-MacBook-Pro.local" name="MyNeedsDashboard" tests="8" failures="0" timestamp="1 Sep 2016 11:00:35 GMT" time="0.091" errors="0">
  <testcase name="@BeforeClass setUp" time="0.0" classname="com.test.scripts.MyNeedsDashboard">
    <failure type="org.openqa.selenium.remote.UnreachableBrowserException" message="Could not start a new session. Possible causes are invalid address of the remote server or browser start-up failure.
Build info: version: &amp;apos;2.53.0&amp;apos;, revision: &amp;apos;35ae25b1534ae328c771e0856c93e187490ca824&amp;apos;, time: &amp;apos;2016-03-15 10:43:46&amp;apos;
System info: host: &amp;apos;Prasannas-MacBook-Pro.local&amp;apos;, ip: &amp;apos;10.10.4.140&amp;apos;, os.name: &amp;apos;Mac OS X&amp;apos;, os.arch: &amp;apos;x86_64&amp;apos;, os.version: &amp;apos;10.11.4&amp;apos;, java.version: &amp;apos;1.8.0_65&amp;apos;
Driver info: driver.version: IOSDriver">
      <![CDATA[org.openqa.selenium.remote.UnreachableBrowserException: Could not start a new session. Possible causes are invalid address of the remote server or browser start-up failure.
Build info: version: '2.53.0', revision: '35ae25b1534ae328c771e0856c93e187490ca824', time: '2016-03-15 10:43:46'
System info: host: 'Prasannas-MacBook-Pro.local', ip: '10.10.4.140', os.name: 'Mac OS X', os.arch: 'x86_64', os.version: '10.11.4', java.version: '1.8.0_65'
Driver info: driver.version: IOSDriver
	at org.openqa.selenium.remote.RemoteWebDriver.execute(RemoteWebDriver.java:665)
	at io.appium.java_client.DefaultGenericMobileDriver.execute(DefaultGenericMobileDriver.java:27)
	at io.appium.java_client.AppiumDriver.execute(AppiumDriver.java:1)
	at io.appium.java_client.ios.IOSDriver.execute(IOSDriver.java:1)
	at org.openqa.selenium.remote.RemoteWebDriver.startSession(RemoteWebDriver.java:249)
	at org.openqa.selenium.remote.RemoteWebDriver.<init>(RemoteWebDriver.java:131)
	at org.openqa.selenium.remote.RemoteWebDriver.<init>(RemoteWebDriver.java:158)
	at io.appium.java_client.DefaultGenericMobileDriver.<init>(DefaultGenericMobileDriver.java:22)
	at io.appium.java_client.AppiumDriver.<init>(AppiumDriver.java:202)
	at io.appium.java_client.ios.IOSDriver.<init>(IOSDriver.java:37)
	at com.test.baselib.SampleBaseLib.setUp(SampleBaseLib.java:52)
Caused by: org.apache.http.conn.HttpHostConnectException: Connect to 0.0.0.0:4723 [/0.0.0.0] failed: Connection refused
	at org.apache.http.impl.conn.HttpClientConnectionOperator.connect(HttpClientConnectionOperator.java:140)
	at org.apache.http.impl.conn.PoolingHttpClientConnectionManager.connect(PoolingHttpClientConnectionManager.java:314)
	at org.apache.http.impl.execchain.MainClientExec.establishRoute(MainClientExec.java:363)
	at org.apache.http.impl.execchain.MainClientExec.execute(MainClientExec.java:219)
	at org.apache.http.impl.execchain.ProtocolExec.execute(ProtocolExec.java:195)
	at org.apache.http.impl.execchain.RetryExec.execute(RetryExec.java:86)
	at org.apache.http.impl.execchain.RedirectExec.execute(RedirectExec.java:108)
	at org.apache.http.impl.client.InternalHttpClient.doExecute(InternalHttpClient.java:186)
	at org.apache.http.impl.client.CloseableHttpClient.execute(CloseableHttpClient.java:72)
	at org.apache.http.impl.client.CloseableHttpClient.execute(CloseableHttpClient.java:57)
	at org.openqa.selenium.remote.internal.ApacheHttpClient.fallBackExecute(ApacheHttpClient.java:144)
	at org.openqa.selenium.remote.internal.ApacheHttpClient.execute(ApacheHttpClient.java:90)
	at org.openqa.selenium.remote.HttpCommandExecutor.execute(HttpCommandExecutor.java:142)
	at org.openqa.selenium.remote.RemoteWebDriver.execute(RemoteWebDriver.java:644)
	... 34 more
Caused by: java.net.ConnectException: Connection refused
	at java.net.PlainSocketImpl.socketConnect(Native Method)
	at java.net.AbstractPlainSocketImpl.doConnect(AbstractPlainSocketImpl.java:350)
	at java.net.AbstractPlainSocketImpl.connectToAddress(AbstractPlainSocketImpl.java:204)
	at java.net.AbstractPlainSocketImpl.connect(AbstractPlainSocketImpl.java:188)
	at java.net.SocksSocketImpl.connect(SocksSocketImpl.java:392)
	at java.net.Socket.connect(Socket.java:589)
	at org.apache.http.conn.socket.PlainConnectionSocketFactory.connectSocket(PlainConnectionSocketFactory.java:72)
	at org.apache.http.impl.conn.HttpClientConnectionOperator.connect(HttpClientConnectionOperator.java:117)
	... 47 more
... Removed 24 stack frames]]>
    </failure>
  </testcase> <!-- @BeforeClass setUp -->
  <testcase name="@BeforeClass login" time="0.0" classname="com.test.scripts.MyNeedsDashboard">
    <skipped/>
  </testcase> <!-- @BeforeClass login -->
  <testcase name="@BeforeMethod launchApp" time="0.0" classname="com.test.scripts.MyNeedsDashboard">
    <skipped/>
  </testcase> <!-- @BeforeMethod launchApp -->
  <testcase name="@AfterMethod closeApp" time="0.0" classname="com.test.scripts.MyNeedsDashboard">
    <skipped/>
  </testcase> <!-- @AfterMethod closeApp -->
  <testcase name="@BeforeMethod launchApp" time="0.0" classname="com.test.scripts.MyNeedsDashboard">
    <skipped/>
  </testcase> <!-- @BeforeMethod launchApp -->
  <testcase name="@AfterMethod closeApp" time="0.0" classname="com.test.scripts.MyNeedsDashboard">
    <skipped/>
  </testcase> <!-- @AfterMethod closeApp -->
  <testcase name="@BeforeMethod launchApp" time="0.0" classname="com.test.scripts.MyNeedsDashboard">
    <skipped/>
  </testcase> <!-- @BeforeMethod launchApp -->
  <testcase name="@AfterMethod closeApp" time="0.0" classname="com.test.scripts.MyNeedsDashboard">
    <skipped/>
  </testcase> <!-- @AfterMethod closeApp -->
  <testcase name="@BeforeMethod launchApp" time="0.0" classname="com.test.scripts.MyNeedsDashboard">
    <skipped/>
  </testcase> <!-- @BeforeMethod launchApp -->
  <testcase name="@AfterMethod closeApp" time="0.0" classname="com.test.scripts.MyNeedsDashboard">
    <skipped/>
  </testcase> <!-- @AfterMethod closeApp -->
  <testcase name="@BeforeMethod launchApp" time="0.0" classname="com.test.scripts.MyNeedsDashboard">
    <skipped/>
  </testcase> <!-- @BeforeMethod launchApp -->
  <testcase name="@AfterMethod closeApp" time="0.0" classname="com.test.scripts.MyNeedsDashboard">
    <skipped/>
  </testcase> <!-- @AfterMethod closeApp -->
  <testcase name="@BeforeMethod launchApp" time="0.0" classname="com.test.scripts.MyNeedsDashboard">
    <skipped/>
  </testcase> <!-- @BeforeMethod launchApp -->
  <testcase name="@AfterMethod closeApp" time="0.0" classname="com.test.scripts.MyNeedsDashboard">
    <skipped/>
  </testcase> <!-- @AfterMethod closeApp -->
  <testcase name="@BeforeMethod launchApp" time="0.0" classname="com.test.scripts.MyNeedsDashboard">
    <skipped/>
  </testcase> <!-- @BeforeMethod launchApp -->
  <testcase name="@AfterMethod closeApp" time="0.0" classname="com.test.scripts.MyNeedsDashboard">
    <skipped/>
  </testcase> <!-- @AfterMethod closeApp -->
  <testcase name="@BeforeMethod launchApp" time="0.0" classname="com.test.scripts.MyNeedsDashboard">
    <skipped/>
  </testcase> <!-- @BeforeMethod launchApp -->
  <testcase name="@AfterMethod closeApp" time="0.0" classname="com.test.scripts.MyNeedsDashboard">
    <skipped/>
  </testcase> <!-- @AfterMethod closeApp -->
  <testcase name="@AfterClass tearDown" time="0.0" classname="com.test.scripts.MyNeedsDashboard">
    <skipped/>
  </testcase> <!-- @AfterClass tearDown -->
  <testcase name="CheckStatusNotificationTriggered" time="0.006" classname="com.test.scripts.MyNeedsDashboard">
    <skipped/>
  </testcase> <!-- CheckStatusNotificationTriggered -->
  <testcase name="AutomaticRefeshDatePostDashboardpage" time="0.004" classname="com.test.scripts.MyNeedsDashboard">
    <skipped/>
  </testcase> <!-- AutomaticRefeshDatePostDashboardpage -->
  <testcase name="ResponsesPage" time="0.007" classname="com.test.scripts.MyNeedsDashboard">
    <skipped/>
  </testcase> <!-- ResponsesPage -->
  <testcase name="WriteReviewLinkPostReview" time="0.005" classname="com.test.scripts.MyNeedsDashboard">
    <skipped/>
  </testcase> <!-- WriteReviewLinkPostReview -->
  <testcase name="NotFinalized" time="0.003" classname="com.test.scripts.MyNeedsDashboard">
    <skipped/>
  </testcase> <!-- NotFinalized -->
  <testcase name="DismissPopup" time="0.004" classname="com.test.scripts.MyNeedsDashboard">
    <skipped/>
  </testcase> <!-- DismissPopup -->
  <testcase name="SelectNotHappyQuoteComments" time="0.004" classname="com.test.scripts.MyNeedsDashboard">
    <skipped/>
  </testcase> <!-- SelectNotHappyQuoteComments -->
  <testcase name="CancelPopupVerifyCancelledShortlist" time="0.003" classname="com.test.scripts.MyNeedsDashboard">
    <skipped/>
  </testcase> <!-- CancelPopupVerifyCancelledShortlist -->
</testsuite> <!-- MyNeedsDashboard -->
