<?xml version="1.0" encoding="UTF-8"?>
<!-- Generated by org.testng.reporters.JUnitXMLReporter -->
<testsuite hostname="Prasannas-MacBook-Pro.local" name="SDLDWithoutType" tests="4" failures="0" timestamp="1 Sep 2016 08:57:18 GMT" time="601.741" errors="0">
  <testcase name="@AfterClass tearDown" time="0.0" classname="com.test.scripts.SDLDWithoutType">
    <failure type="org.openqa.selenium.WebDriverException" message="An unknown server-side error occurred while processing the command. Original error: Installing /var/folders/nr/4s9jnrms603817704q17wqn40000gp/T/201681-48784-1iu9gsx/Payload/IndiaSulekha6.3.2.app failed (WARNING: The server did not provide any stacktrace information)
Command duration or timeout: 18.42 seconds
Build info: version: &amp;apos;2.53.0&amp;apos;, revision: &amp;apos;35ae25b1534ae328c771e0856c93e187490ca824&amp;apos;, time: &amp;apos;2016-03-15 10:43:46&amp;apos;
System info: host: &amp;apos;Prasannas-MacBook-Pro.local&amp;apos;, ip: &amp;apos;10.10.4.140&amp;apos;, os.name: &amp;apos;Mac OS X&amp;apos;, os.arch: &amp;apos;x86_64&amp;apos;, os.version: &amp;apos;10.11.4&amp;apos;, java.version: &amp;apos;1.8.0_65&amp;apos;
Driver info: io.appium.java_client.ios.IOSDriver">
      <![CDATA[org.openqa.selenium.WebDriverException: An unknown server-side error occurred while processing the command. Original error: Installing /var/folders/nr/4s9jnrms603817704q17wqn40000gp/T/201681-48784-1iu9gsx/Payload/IndiaSulekha6.3.2.app failed (WARNING: The server did not provide any stacktrace information)
Command duration or timeout: 18.42 seconds
Build info: version: '2.53.0', revision: '35ae25b1534ae328c771e0856c93e187490ca824', time: '2016-03-15 10:43:46'
System info: host: 'Prasannas-MacBook-Pro.local', ip: '10.10.4.140', os.name: 'Mac OS X', os.arch: 'x86_64', os.version: '10.11.4', java.version: '1.8.0_65'
Driver info: io.appium.java_client.ios.IOSDriver
	at org.openqa.selenium.remote.ErrorHandler.createThrowable(ErrorHandler.java:206)
	at org.openqa.selenium.remote.ErrorHandler.throwIfResponseFailed(ErrorHandler.java:158)
	at org.openqa.selenium.remote.RemoteWebDriver.execute(RemoteWebDriver.java:678)
	at io.appium.java_client.DefaultGenericMobileDriver.execute(DefaultGenericMobileDriver.java:27)
	at io.appium.java_client.AppiumDriver.execute(AppiumDriver.java:1)
	at io.appium.java_client.ios.IOSDriver.execute(IOSDriver.java:1)
	at org.openqa.selenium.remote.RemoteWebDriver.startSession(RemoteWebDriver.java:249)
	at org.openqa.selenium.remote.RemoteWebDriver.<init>(RemoteWebDriver.java:131)
	at org.openqa.selenium.remote.RemoteWebDriver.<init>(RemoteWebDriver.java:158)
	at io.appium.java_client.DefaultGenericMobileDriver.<init>(DefaultGenericMobileDriver.java:22)
	at io.appium.java_client.AppiumDriver.<init>(AppiumDriver.java:202)
	at io.appium.java_client.ios.IOSDriver.<init>(IOSDriver.java:37)
	at com.test.baselib.SampleBaseLib.tearDown(SampleBaseLib.java:86)
... Removed 27 stack frames]]>
    </failure>
  </testcase> <!-- @AfterClass tearDown -->
  <testcase name="TellUsMore" time="76.433" classname="com.test.scripts.SDLDWithoutType"/>
  <testcase name="TellusMoreFldWithValue" time="127.262" classname="com.test.scripts.SDLDWithoutType"/>
  <testcase name="SubmitWithNeedNameAttribute" time="80.257" classname="com.test.scripts.SDLDWithoutType"/>
  <testcase name="SubmitWithAdditionalInfoAttribute" time="101.051" classname="com.test.scripts.SDLDWithoutType"/>
</testsuite> <!-- SDLDWithoutType -->
