<html>
<head>
<title>TestNG:  SDLDWithoutType</title>
<link href="../testng.css" rel="stylesheet" type="text/css" />
<link href="../my-testng.css" rel="stylesheet" type="text/css" />

<style type="text/css">
.log { display: none;} 
.stack-trace { display: none;} 
</style>
<script type="text/javascript">
<!--
function flip(e) {
  current = e.style.display;
  if (current == 'block') {
    e.style.display = 'none';
    return 0;
  }
  else {
    e.style.display = 'block';
    return 1;
  }
}

function toggleBox(szDivId, elem, msg1, msg2)
{
  var res = -1;  if (document.getElementById) {
    res = flip(document.getElementById(szDivId));
  }
  else if (document.all) {
    // this is the way old msie versions work
    res = flip(document.all[szDivId]);
  }
  if(elem) {
    if(res == 0) elem.innerHTML = msg1; else elem.innerHTML = msg2;
  }

}

function toggleAllBoxes() {
  if (document.getElementsByTagName) {
    d = document.getElementsByTagName('div');
    for (i = 0; i < d.length; i++) {
      if (d[i].className == 'log') {
        flip(d[i]);
      }
    }
  }
}

// -->
</script>

</head>
<body>
<h2 align='center'>SDLDWithoutType</h2><table border='1' align="center">
<tr>
<td>Tests passed/Failed/Skipped:</td><td>4/0/0</td>
</tr><tr>
<td>Started on:</td><td>Thu Sep 01 14:17:17 IST 2016</td>
</tr>
<tr><td>Total time:</td><td>601 seconds (601741 ms)</td>
</tr><tr>
<td>Included groups:</td><td></td>
</tr><tr>
<td>Excluded groups:</td><td></td>
</tr>
</table><p/>
<small><i>(Hover the method name to see the test class name)</i></small><p/>
<table width='100%' border='1' class='invocation-failed'>
<tr><td colspan='4' align='center'><b>FAILED CONFIGURATIONS</b></td></tr>
<tr><td><b>Test method</b></td>
<td width="30%"><b>Exception</b></td>
<td width="10%"><b>Time (seconds)</b></td>
<td><b>Instance</b></td>
</tr>
<tr>
<td title='com.test.scripts.SDLDWithoutType.tearDown()'><b>tearDown</b><br>Test class: com.test.scripts.SDLDWithoutType</td>
<td><div><pre>org.openqa.selenium.WebDriverException: An unknown server-side error occurred while processing the command. Original error: Installing /var/folders/nr/4s9jnrms603817704q17wqn40000gp/T/201681-48784-1iu9gsx/Payload/IndiaSulekha6.3.2.app failed (WARNING: The server did not provide any stacktrace information)
Command duration or timeout: 18.42 seconds
Build info: version: &apos;2.53.0&apos;, revision: &apos;35ae25b1534ae328c771e0856c93e187490ca824&apos;, time: &apos;2016-03-15 10:43:46&apos;
System info: host: &apos;Prasannas-MacBook-Pro.local&apos;, ip: &apos;10.10.4.140&apos;, os.name: &apos;Mac OS X&apos;, os.arch: &apos;x86_64&apos;, os.version: &apos;10.11.4&apos;, java.version: &apos;1.8.0_65&apos;
Driver info: io.appium.java_client.ios.IOSDriver
	at org.openqa.selenium.remote.ErrorHandler.createThrowable(ErrorHandler.java:206)
	at org.openqa.selenium.remote.ErrorHandler.throwIfResponseFailed(ErrorHandler.java:158)
	at org.openqa.selenium.remote.RemoteWebDriver.execute(RemoteWebDriver.java:678)
	at io.appium.java_client.DefaultGenericMobileDriver.execute(DefaultGenericMobileDriver.java:27)
	at io.appium.java_client.AppiumDriver.execute(AppiumDriver.java:1)
	at io.appium.java_client.ios.IOSDriver.execute(IOSDriver.java:1)
	at org.openqa.selenium.remote.RemoteWebDriver.startSession(RemoteWebDriver.java:249)
	at org.openqa.selenium.remote.RemoteWebDriver.&lt;init&gt;(RemoteWebDriver.java:131)
	at org.openqa.selenium.remote.RemoteWebDriver.&lt;init&gt;(RemoteWebDriver.java:158)
	at io.appium.java_client.DefaultGenericMobileDriver.&lt;init&gt;(DefaultGenericMobileDriver.java:22)
	at io.appium.java_client.AppiumDriver.&lt;init&gt;(AppiumDriver.java:202)
	at io.appium.java_client.ios.IOSDriver.&lt;init&gt;(IOSDriver.java:37)
	at com.test.baselib.SampleBaseLib.tearDown(SampleBaseLib.java:86)
... Removed 27 stack frames</pre></div><a href='#' onClick='toggleBox("stack-trace768216420", this, "Click to show all stack frames", "Click to hide stack frames")'>Click to show all stack frames</a>
<div class='stack-trace' id='stack-trace768216420'><pre>org.openqa.selenium.WebDriverException: An unknown server-side error occurred while processing the command. Original error: Installing /var/folders/nr/4s9jnrms603817704q17wqn40000gp/T/201681-48784-1iu9gsx/Payload/IndiaSulekha6.3.2.app failed (WARNING: The server did not provide any stacktrace information)
Command duration or timeout: 18.42 seconds
Build info: version: &apos;2.53.0&apos;, revision: &apos;35ae25b1534ae328c771e0856c93e187490ca824&apos;, time: &apos;2016-03-15 10:43:46&apos;
System info: host: &apos;Prasannas-MacBook-Pro.local&apos;, ip: &apos;10.10.4.140&apos;, os.name: &apos;Mac OS X&apos;, os.arch: &apos;x86_64&apos;, os.version: &apos;10.11.4&apos;, java.version: &apos;1.8.0_65&apos;
Driver info: io.appium.java_client.ios.IOSDriver
	at sun.reflect.GeneratedConstructorAccessor31.newInstance(Unknown Source)
	at sun.reflect.DelegatingConstructorAccessorImpl.newInstance(DelegatingConstructorAccessorImpl.java:45)
	at java.lang.reflect.Constructor.newInstance(Constructor.java:422)
	at org.openqa.selenium.remote.ErrorHandler.createThrowable(ErrorHandler.java:206)
	at org.openqa.selenium.remote.ErrorHandler.throwIfResponseFailed(ErrorHandler.java:158)
	at org.openqa.selenium.remote.RemoteWebDriver.execute(RemoteWebDriver.java:678)
	at io.appium.java_client.DefaultGenericMobileDriver.execute(DefaultGenericMobileDriver.java:27)
	at io.appium.java_client.AppiumDriver.execute(AppiumDriver.java:1)
	at io.appium.java_client.ios.IOSDriver.execute(IOSDriver.java:1)
	at org.openqa.selenium.remote.RemoteWebDriver.startSession(RemoteWebDriver.java:249)
	at org.openqa.selenium.remote.RemoteWebDriver.&lt;init&gt;(RemoteWebDriver.java:131)
	at org.openqa.selenium.remote.RemoteWebDriver.&lt;init&gt;(RemoteWebDriver.java:158)
	at io.appium.java_client.DefaultGenericMobileDriver.&lt;init&gt;(DefaultGenericMobileDriver.java:22)
	at io.appium.java_client.AppiumDriver.&lt;init&gt;(AppiumDriver.java:202)
	at io.appium.java_client.ios.IOSDriver.&lt;init&gt;(IOSDriver.java:37)
	at com.test.baselib.SampleBaseLib.tearDown(SampleBaseLib.java:86)
	at sun.reflect.NativeMethodAccessorImpl.invoke0(Native Method)
	at sun.reflect.NativeMethodAccessorImpl.invoke(NativeMethodAccessorImpl.java:62)
	at sun.reflect.DelegatingMethodAccessorImpl.invoke(DelegatingMethodAccessorImpl.java:43)
	at java.lang.reflect.Method.invoke(Method.java:497)
	at org.testng.internal.MethodInvocationHelper.invokeMethod(MethodInvocationHelper.java:85)
	at org.testng.internal.Invoker.invokeConfigurationMethod(Invoker.java:517)
	at org.testng.internal.Invoker.invokeConfigurations(Invoker.java:213)
	at org.testng.internal.Invoker.invokeConfigurations(Invoker.java:140)
	at org.testng.internal.TestMethodWorker.invokeAfterClassMethods(TestMethodWorker.java:220)
	at org.testng.internal.TestMethodWorker.run(TestMethodWorker.java:111)
	at org.testng.TestRunner.privateRun(TestRunner.java:771)
	at org.testng.TestRunner.run(TestRunner.java:621)
	at org.testng.SuiteRunner.runTest(SuiteRunner.java:357)
	at org.testng.SuiteRunner.runSequentially(SuiteRunner.java:352)
	at org.testng.SuiteRunner.privateRun(SuiteRunner.java:310)
	at org.testng.SuiteRunner.run(SuiteRunner.java:259)
	at org.testng.SuiteRunnerWorker.runSuite(SuiteRunnerWorker.java:52)
	at org.testng.SuiteRunnerWorker.run(SuiteRunnerWorker.java:86)
	at org.testng.TestNG.runSuitesSequentially(TestNG.java:1199)
	at org.testng.TestNG.runSuitesLocally(TestNG.java:1124)
	at org.testng.TestNG.run(TestNG.java:1032)
	at org.testng.remote.AbstractRemoteTestNG.run(AbstractRemoteTestNG.java:126)
	at org.testng.remote.RemoteTestNG.initAndRun(RemoteTestNG.java:137)
	at org.testng.remote.RemoteTestNG.main(RemoteTestNG.java:58)
</pre></div></td>
<td>0</td>
<td>com.test.scripts.SDLDWithoutType@42dafa95</td></tr>
</table><p>
<table width='100%' border='1' class='invocation-passed'>
<tr><td colspan='4' align='center'><b>PASSED TESTS</b></td></tr>
<tr><td><b>Test method</b></td>
<td width="30%"><b>Exception</b></td>
<td width="10%"><b>Time (seconds)</b></td>
<td><b>Instance</b></td>
</tr>
<tr>
<td title='com.test.scripts.SDLDWithoutType.SubmitWithAdditionalInfoAttribute()'><b>SubmitWithAdditionalInfoAttribute</b><br>Test class: com.test.scripts.SDLDWithoutType<br>Test method: Tap over SUBMIT button in Confirm and submit page when Additional info is passed as attribute value.<br/>
<a href="#Output-1426725223" onClick='toggleBox("Output-1426725223", this, "Show output", "Hide output");'>Show output</a>

<a href="#Output-1426725223" onClick="toggleAllBoxes();">Show all outputs</a>
<div class='log' id="Output-1426725223">
STEP125<br/>
STEP126<br/>
STEP127<br/>
STEP128<br/>
</div>
</td>
<td></td>
<td>101</td>
<td>com.test.scripts.SDLDWithoutType@42dafa95</td></tr>
<tr>
<td title='com.test.scripts.SDLDWithoutType.SubmitWithNeedNameAttribute()'><b>SubmitWithNeedNameAttribute</b><br>Test class: com.test.scripts.SDLDWithoutType<br>Test method: To Tap over SUBMIT button in Confirm and submit page when need name is passed as attribute value.<br/>
<a href="#Output-247113419" onClick='toggleBox("Output-247113419", this, "Show output", "Hide output");'>Show output</a>

<a href="#Output-247113419" onClick="toggleAllBoxes();">Show all outputs</a>
<div class='log' id="Output-247113419">
STEP122<br/>
STEP123<br/>
STEP124<br/>
</div>
</td>
<td></td>
<td>80</td>
<td>com.test.scripts.SDLDWithoutType@42dafa95</td></tr>
<tr>
<td title='com.test.scripts.SDLDWithoutType.TellUsMore()'><b>TellUsMore</b><br>Test class: com.test.scripts.SDLDWithoutType<br>Test method: To check tell us more label and navigate to confirm and submit page without any value entered in tell us more field .<br/>
<a href="#Output-1404932042" onClick='toggleBox("Output-1404932042", this, "Show output", "Hide output");'>Show output</a>

<a href="#Output-1404932042" onClick="toggleAllBoxes();">Show all outputs</a>
<div class='log' id="Output-1404932042">
STEP107<br/>
STEP108<br/>
STEP109<br/>
STEP110<br/>
STEP111<br/>
STEP112<br/>
STEP113<br/>
STEP114<br/>
</div>
</td>
<td></td>
<td>76</td>
<td>com.test.scripts.SDLDWithoutType@42dafa95</td></tr>
<tr>
<td title='com.test.scripts.SDLDWithoutType.TellusMoreFldWithValue()'><b>TellusMoreFldWithValue</b><br>Test class: com.test.scripts.SDLDWithoutType<br>Test method: To check confirm and submit page when value is provided in tell us more field ,and edit  and update additional info.<br/>
<a href="#Output-33419717" onClick='toggleBox("Output-33419717", this, "Show output", "Hide output");'>Show output</a>

<a href="#Output-33419717" onClick="toggleAllBoxes();">Show all outputs</a>
<div class='log' id="Output-33419717">
STEP115<br/>
STEP116<br/>
STEP117<br/>
STEP118<br/>
STEP119<br/>
STEP120<br/>
STEP121<br/>
</div>
</td>
<td></td>
<td>127</td>
<td>com.test.scripts.SDLDWithoutType@42dafa95</td></tr>
</table><p>
</body>
</html>