<?xml version="1.0" encoding="UTF-8"?>
<!-- Generated by org.testng.reporters.JUnitXMLReporter -->
<testsuite hostname="RaghuKirans-MacBook-Pro.local" name="LoginToSulekha" tests="33" failures="2" timestamp="12 Jul 2016 12:07:38 GMT" time="3925.022" errors="0">
  <testcase name="testLoginWOEmailIDMobileNum" time="35.025" classname="com.test.scripts.LoginToSulekha"/>
  <testcase name="testLoginInvalideMobNum" time="42.818" classname="com.test.scripts.LoginToSulekha"/>
  <testcase name="testLoginInvalideEmail" time="42.095" classname="com.test.scripts.LoginToSulekha"/>
  <testcase name="testLoginUnRegEmail" time="44.574" classname="com.test.scripts.LoginToSulekha"/>
  <testcase name="testLoginUnRegMob" time="49.162" classname="com.test.scripts.LoginToSulekha"/>
  <testcase name="testUnRegMobJoinSulekha" time="51.982" classname="com.test.scripts.LoginToSulekha"/>
  <testcase name="testUnRegEmailJoinSulekha" time="50.824" classname="com.test.scripts.LoginToSulekha"/>
  <testcase name="testUnRegMobileCancel" time="47.345" classname="com.test.scripts.LoginToSulekha"/>
  <testcase name="testUnregisteredEmailPopupCancelBtn" time="48.541" classname="com.test.scripts.LoginToSulekha"/>
  <testcase name="testLoginWithMobileWithoutPwd" time="40.288" classname="com.test.scripts.LoginToSulekha"/>
  <testcase name="testLoginWithEmailWithoutPwd" time="42.58" classname="com.test.scripts.LoginToSulekha"/>
  <testcase name="testShowPwdLnk" time="42.136" classname="com.test.scripts.LoginToSulekha"/>
  <testcase name="testHidePwdLnk" time="45.958" classname="com.test.scripts.LoginToSulekha"/>
  <testcase name="testValidEmailInvalidPwd" time="52.293" classname="com.test.scripts.LoginToSulekha"/>
  <testcase name="testValidMobileInvalidPwd" time="49.304" classname="com.test.scripts.LoginToSulekha"/>
  <testcase name="testValidLoginViaEmailID" time="53.712" classname="com.test.scripts.LoginToSulekha"/>
  <testcase name="testValidLoginViaValidMobileNum" time="51.286" classname="com.test.scripts.LoginToSulekha"/>
  <testcase name="testForgtPwd" time="33.986" classname="com.test.scripts.LoginToSulekha"/>
  <testcase name="testPwdViaSms" time="56.176" classname="com.test.scripts.LoginToSulekha"/>
  <testcase name="testPwdViaEmail" time="62.476" classname="com.test.scripts.LoginToSulekha"/>
  <testcase name="testGoogleLogin" time="134.54" classname="com.test.scripts.LoginToSulekha"/>
  <testcase name="testUnRegGoogleLogin" time="82.034" classname="com.test.scripts.LoginToSulekha"/>
  <testcase name="testValidMobAndName" time="109.88" classname="com.test.scripts.LoginToSulekha"/>
  <testcase name="testWithoutEnteringMobileNumber" time="97.277" classname="com.test.scripts.LoginToSulekha"/>
  <testcase name="testInvalidMobileNumber" time="108.645" classname="com.test.scripts.LoginToSulekha"/>
  <testcase name="testWOEnteringEmail" time="112.244" classname="com.test.scripts.LoginToSulekha"/>
  <testcase name="testInvalidEnteringEmail" time="115.837" classname="com.test.scripts.LoginToSulekha"/>
  <testcase name="testWithoutName" time="85.725" classname="com.test.scripts.LoginToSulekha"/>
  <testcase name="testInvalidOtp" time="123.928" classname="com.test.scripts.LoginToSulekha"/>
  <testcase name="test6DigitVerificationCode" time="135.83" classname="com.test.scripts.LoginToSulekha">
    <failure type="org.openqa.selenium.NoSuchElementException" message="An element could not be located on the page using the given search parameters. (WARNING: The server did not provide any stacktrace information)
Command duration or timeout: 11.06 seconds
For documentation on this error, please visit: http://seleniumhq.org/exceptions/no_such_element.html
Build info: version: &amp;apos;2.53.0&amp;apos;, revision: &amp;apos;35ae25b1534ae328c771e0856c93e187490ca824&amp;apos;, time: &amp;apos;2016-03-15 10:43:46&amp;apos;
System info: host: &amp;apos;RaghuKirans-MacBook-Pro.local&amp;apos;, ip: &amp;apos;10.10.5.169&amp;apos;, os.name: &amp;apos;Mac OS X&amp;apos;, os.arch: &amp;apos;x86_64&amp;apos;, os.version: &amp;apos;10.11.5&amp;apos;, java.version: &amp;apos;1.8.0_91&amp;apos;
Driver info: io.appium.java_client.ios.IOSDriver
Capabilities [{unicodekeyboard=true, app=/Users/raghukiranmr/Downloads/IndiaSulekha6.3.2.ipa, networkConnectionEnabled=false, orientation=, bundleId=com.appid.sulekhauserapp, databaseEnabled=false, deviceName=iPhone 5, fullReset=true, platform=MAC, showIOSLog=true, desired={unicodekeyboard=true, app=/Users/raghukiranmr/Downloads/IndiaSulekha6.3.2.ipa, showIOSLog=true, orientation=, platformVersion=9.3.2, automationName=Appium, bundleId=com.appid.sulekhauserapp, platformName=iOS, udid=2dde13a2961f5f1c6f5a0f737daf13bcb43457ef, deviceName=iPhone 5, fullReset=true}, platformVersion=9.3.2, webStorageEnabled=false, locationContextEnabled=false, automationName=Appium, browserName=, takesScreenshot=true, javascriptEnabled=true, platformName=iOS, udid=2dde13a2961f5f1c6f5a0f737daf13bcb43457ef}]
Session ID: 53ba7192-19d1-454d-91da-7bd7df5bf2b6
*** Element info: {Using=xpath, value=//UIAStaticText[@name=&amp;apos;Enter 6-digit verification code&amp;apos;]}">
      <![CDATA[org.openqa.selenium.NoSuchElementException: An element could not be located on the page using the given search parameters. (WARNING: The server did not provide any stacktrace information)
Command duration or timeout: 11.06 seconds
For documentation on this error, please visit: http://seleniumhq.org/exceptions/no_such_element.html
Build info: version: '2.53.0', revision: '35ae25b1534ae328c771e0856c93e187490ca824', time: '2016-03-15 10:43:46'
System info: host: 'RaghuKirans-MacBook-Pro.local', ip: '10.10.5.169', os.name: 'Mac OS X', os.arch: 'x86_64', os.version: '10.11.5', java.version: '1.8.0_91'
Driver info: io.appium.java_client.ios.IOSDriver
Capabilities [{unicodekeyboard=true, app=/Users/raghukiranmr/Downloads/IndiaSulekha6.3.2.ipa, networkConnectionEnabled=false, orientation=, bundleId=com.appid.sulekhauserapp, databaseEnabled=false, deviceName=iPhone 5, fullReset=true, platform=MAC, showIOSLog=true, desired={unicodekeyboard=true, app=/Users/raghukiranmr/Downloads/IndiaSulekha6.3.2.ipa, showIOSLog=true, orientation=, platformVersion=9.3.2, automationName=Appium, bundleId=com.appid.sulekhauserapp, platformName=iOS, udid=2dde13a2961f5f1c6f5a0f737daf13bcb43457ef, deviceName=iPhone 5, fullReset=true}, platformVersion=9.3.2, webStorageEnabled=false, locationContextEnabled=false, automationName=Appium, browserName=, takesScreenshot=true, javascriptEnabled=true, platformName=iOS, udid=2dde13a2961f5f1c6f5a0f737daf13bcb43457ef}]
Session ID: 53ba7192-19d1-454d-91da-7bd7df5bf2b6
*** Element info: {Using=xpath, value=//UIAStaticText[@name='Enter 6-digit verification code']}
	at org.openqa.selenium.remote.ErrorHandler.createThrowable(ErrorHandler.java:206)
	at org.openqa.selenium.remote.ErrorHandler.throwIfResponseFailed(ErrorHandler.java:158)
	at org.openqa.selenium.remote.RemoteWebDriver.execute(RemoteWebDriver.java:678)
	at io.appium.java_client.DefaultGenericMobileDriver.execute(DefaultGenericMobileDriver.java:51)
	at io.appium.java_client.AppiumDriver.execute(AppiumDriver.java:1)
	at io.appium.java_client.ios.IOSDriver.execute(IOSDriver.java:1)
	at org.openqa.selenium.remote.RemoteWebDriver.findElement(RemoteWebDriver.java:363)
	at io.appium.java_client.DefaultGenericMobileDriver.findElement(DefaultGenericMobileDriver.java:67)
	at io.appium.java_client.AppiumDriver.findElement(AppiumDriver.java:1)
	at io.appium.java_client.ios.IOSDriver.findElement(IOSDriver.java:1)
	at org.openqa.selenium.remote.RemoteWebDriver.findElementByXPath(RemoteWebDriver.java:500)
	at io.appium.java_client.DefaultGenericMobileDriver.findElementByXPath(DefaultGenericMobileDriver.java:145)
	at io.appium.java_client.AppiumDriver.findElementByXPath(AppiumDriver.java:1)
	at io.appium.java_client.ios.IOSDriver.findElementByXPath(IOSDriver.java:1)
	at org.openqa.selenium.By$ByXPath.findElement(By.java:361)
	at org.openqa.selenium.remote.RemoteWebDriver.findElement(RemoteWebDriver.java:355)
	at io.appium.java_client.DefaultGenericMobileDriver.findElement(DefaultGenericMobileDriver.java:63)
	at io.appium.java_client.AppiumDriver.findElement(AppiumDriver.java:1)
	at io.appium.java_client.ios.IOSDriver.findElement(IOSDriver.java:1)
	at org.openqa.selenium.support.pagefactory.DefaultElementLocator.findElement(DefaultElementLocator.java:69)
	at org.openqa.selenium.support.pagefactory.internal.LocatingElementHandler.invoke(LocatingElementHandler.java:38)
	at com.sun.proxy.$Proxy8.isDisplayed(Unknown Source)
	at com.test.scripts.LoginToSulekha.test6DigitVerificationCode(LoginToSulekha.java:1133)
... Removed 31 stack frames]]>
    </failure>
  </testcase> <!-- test6DigitVerificationCode -->
  <testcase name="testValidOtp" time="193.302" classname="com.test.scripts.LoginToSulekha"/>
  <testcase name="testTandCApplyLnk" time="34.549" classname="com.test.scripts.LoginToSulekha"/>
  <testcase name="testSkipLnk" time="43.501" classname="com.test.scripts.LoginToSulekha">
    <failure type="org.openqa.selenium.NoSuchElementException" message="An element could not be located on the page using the given search parameters. (WARNING: The server did not provide any stacktrace information)
Command duration or timeout: 10.15 seconds
For documentation on this error, please visit: http://seleniumhq.org/exceptions/no_such_element.html
Build info: version: &amp;apos;2.53.0&amp;apos;, revision: &amp;apos;35ae25b1534ae328c771e0856c93e187490ca824&amp;apos;, time: &amp;apos;2016-03-15 10:43:46&amp;apos;
System info: host: &amp;apos;RaghuKirans-MacBook-Pro.local&amp;apos;, ip: &amp;apos;10.10.5.169&amp;apos;, os.name: &amp;apos;Mac OS X&amp;apos;, os.arch: &amp;apos;x86_64&amp;apos;, os.version: &amp;apos;10.11.5&amp;apos;, java.version: &amp;apos;1.8.0_91&amp;apos;
Driver info: io.appium.java_client.ios.IOSDriver
Capabilities [{unicodekeyboard=true, app=/Users/raghukiranmr/Downloads/IndiaSulekha6.3.2.ipa, networkConnectionEnabled=false, orientation=, bundleId=com.appid.sulekhauserapp, databaseEnabled=false, deviceName=iPhone 5, fullReset=true, platform=MAC, showIOSLog=true, desired={unicodekeyboard=true, app=/Users/raghukiranmr/Downloads/IndiaSulekha6.3.2.ipa, showIOSLog=true, orientation=, platformVersion=9.3.2, automationName=Appium, bundleId=com.appid.sulekhauserapp, platformName=iOS, udid=2dde13a2961f5f1c6f5a0f737daf13bcb43457ef, deviceName=iPhone 5, fullReset=true}, platformVersion=9.3.2, webStorageEnabled=false, locationContextEnabled=false, automationName=Appium, browserName=, takesScreenshot=true, javascriptEnabled=true, platformName=iOS, udid=2dde13a2961f5f1c6f5a0f737daf13bcb43457ef}]
Session ID: 2e1cb780-8889-42d8-9194-8a0c8c7510f4
*** Element info: {Using=xpath, value=//UIAStaticText[@name=&amp;apos;Popular Categories&amp;apos;]}">
      <![CDATA[org.openqa.selenium.NoSuchElementException: An element could not be located on the page using the given search parameters. (WARNING: The server did not provide any stacktrace information)
Command duration or timeout: 10.15 seconds
For documentation on this error, please visit: http://seleniumhq.org/exceptions/no_such_element.html
Build info: version: '2.53.0', revision: '35ae25b1534ae328c771e0856c93e187490ca824', time: '2016-03-15 10:43:46'
System info: host: 'RaghuKirans-MacBook-Pro.local', ip: '10.10.5.169', os.name: 'Mac OS X', os.arch: 'x86_64', os.version: '10.11.5', java.version: '1.8.0_91'
Driver info: io.appium.java_client.ios.IOSDriver
Capabilities [{unicodekeyboard=true, app=/Users/raghukiranmr/Downloads/IndiaSulekha6.3.2.ipa, networkConnectionEnabled=false, orientation=, bundleId=com.appid.sulekhauserapp, databaseEnabled=false, deviceName=iPhone 5, fullReset=true, platform=MAC, showIOSLog=true, desired={unicodekeyboard=true, app=/Users/raghukiranmr/Downloads/IndiaSulekha6.3.2.ipa, showIOSLog=true, orientation=, platformVersion=9.3.2, automationName=Appium, bundleId=com.appid.sulekhauserapp, platformName=iOS, udid=2dde13a2961f5f1c6f5a0f737daf13bcb43457ef, deviceName=iPhone 5, fullReset=true}, platformVersion=9.3.2, webStorageEnabled=false, locationContextEnabled=false, automationName=Appium, browserName=, takesScreenshot=true, javascriptEnabled=true, platformName=iOS, udid=2dde13a2961f5f1c6f5a0f737daf13bcb43457ef}]
Session ID: 2e1cb780-8889-42d8-9194-8a0c8c7510f4
*** Element info: {Using=xpath, value=//UIAStaticText[@name='Popular Categories']}
	at org.openqa.selenium.remote.ErrorHandler.createThrowable(ErrorHandler.java:206)
	at org.openqa.selenium.remote.ErrorHandler.throwIfResponseFailed(ErrorHandler.java:158)
	at org.openqa.selenium.remote.RemoteWebDriver.execute(RemoteWebDriver.java:678)
	at io.appium.java_client.DefaultGenericMobileDriver.execute(DefaultGenericMobileDriver.java:51)
	at io.appium.java_client.AppiumDriver.execute(AppiumDriver.java:1)
	at io.appium.java_client.ios.IOSDriver.execute(IOSDriver.java:1)
	at org.openqa.selenium.remote.RemoteWebDriver.findElement(RemoteWebDriver.java:363)
	at io.appium.java_client.DefaultGenericMobileDriver.findElement(DefaultGenericMobileDriver.java:67)
	at io.appium.java_client.AppiumDriver.findElement(AppiumDriver.java:1)
	at io.appium.java_client.ios.IOSDriver.findElement(IOSDriver.java:1)
	at org.openqa.selenium.remote.RemoteWebDriver.findElementByXPath(RemoteWebDriver.java:500)
	at io.appium.java_client.DefaultGenericMobileDriver.findElementByXPath(DefaultGenericMobileDriver.java:145)
	at io.appium.java_client.AppiumDriver.findElementByXPath(AppiumDriver.java:1)
	at io.appium.java_client.ios.IOSDriver.findElementByXPath(IOSDriver.java:1)
	at org.openqa.selenium.By$ByXPath.findElement(By.java:361)
	at org.openqa.selenium.remote.RemoteWebDriver.findElement(RemoteWebDriver.java:355)
	at io.appium.java_client.DefaultGenericMobileDriver.findElement(DefaultGenericMobileDriver.java:63)
	at io.appium.java_client.AppiumDriver.findElement(AppiumDriver.java:1)
	at io.appium.java_client.ios.IOSDriver.findElement(IOSDriver.java:1)
	at org.openqa.selenium.support.pagefactory.DefaultElementLocator.findElement(DefaultElementLocator.java:69)
	at org.openqa.selenium.support.pagefactory.internal.LocatingElementHandler.invoke(LocatingElementHandler.java:38)
	at com.sun.proxy.$Proxy8.isDisplayed(Unknown Source)
	at com.test.scripts.LoginToSulekha.testSkipLnk(LoginToSulekha.java:1262)
... Removed 31 stack frames]]>
    </failure>
  </testcase> <!-- testSkipLnk -->
</testsuite> <!-- LoginToSulekha -->
