<?xml version="1.0" encoding="UTF-8"?>
<!-- Generated by org.testng.reporters.JUnitXMLReporter -->
<testsuite hostname="RaghuKirans-MacBook-Pro.local" name="SDLDWithoutType" tests="9" failures="1" timestamp="12 Jul 2016 12:25:36 GMT" time="1078.144" errors="0">
  <testcase name="testTellUsMoreLabel" time="42.206" classname="com.test.scripts.SDLDWithoutType"/>
  <testcase name="testNextWithEmptyTellusMoreFld" time="49.344" classname="com.test.scripts.SDLDWithoutType"/>
  <testcase name="testConfirmAndSubmitScreen" time="73.049" classname="com.test.scripts.SDLDWithoutType"/>
  <testcase name="testNeedLabelNeedName" time="66.225" classname="com.test.scripts.SDLDWithoutType"/>
  <testcase name="testTellusMoreFldWithValue" time="84.93" classname="com.test.scripts.SDLDWithoutType"/>
  <testcase name="testEditIcnforAdditionalInfo" time="87.877" classname="com.test.scripts.SDLDWithoutType"/>
  <testcase name="testUpdateInfo" time="121.533" classname="com.test.scripts.SDLDWithoutType"/>
  <testcase name="testSubmitWithNeedNameAttribute" time="119.47" classname="com.test.scripts.SDLDWithoutType">
    <failure type="org.openqa.selenium.NoSuchElementException" message="An element could not be located on the page using the given search parameters. (WARNING: The server did not provide any stacktrace information)
Command duration or timeout: 22.61 seconds
For documentation on this error, please visit: http://seleniumhq.org/exceptions/no_such_element.html
Build info: version: &amp;apos;2.53.0&amp;apos;, revision: &amp;apos;35ae25b1534ae328c771e0856c93e187490ca824&amp;apos;, time: &amp;apos;2016-03-15 10:43:46&amp;apos;
System info: host: &amp;apos;RaghuKirans-MacBook-Pro.local&amp;apos;, ip: &amp;apos;10.10.5.169&amp;apos;, os.name: &amp;apos;Mac OS X&amp;apos;, os.arch: &amp;apos;x86_64&amp;apos;, os.version: &amp;apos;10.11.5&amp;apos;, java.version: &amp;apos;1.8.0_91&amp;apos;
Driver info: io.appium.java_client.ios.IOSDriver
Capabilities [{unicodekeyboard=true, app=/Users/raghukiranmr/Downloads/IndiaSulekha6.3.2.ipa, networkConnectionEnabled=false, orientation=, noReset=true, bundleId=com.appid.sulekhauserapp, databaseEnabled=false, deviceName=iPhone 5, fullReset=true, platform=MAC, showIOSLog=true, desired={unicodekeyboard=true, app=/Users/raghukiranmr/Downloads/IndiaSulekha6.3.2.ipa, showIOSLog=true, orientation=, noReset=true, platformVersion=9.3.2, automationName=Appium, bundleId=com.appid.sulekhauserapp, platformName=iOS, udid=2dde13a2961f5f1c6f5a0f737daf13bcb43457ef, deviceName=iPhone 5, fullReset=true}, platformVersion=9.3.2, webStorageEnabled=false, locationContextEnabled=false, automationName=Appium, browserName=, takesScreenshot=true, javascriptEnabled=true, platformName=iOS, udid=2dde13a2961f5f1c6f5a0f737daf13bcb43457ef}]
Session ID: 27644b90-5234-4952-b110-1e7b2d45c1a3
*** Element info: {Using=xpath, value=//UIAButton[@name=&amp;apos;RESPONSES&amp;apos;]}">
      <![CDATA[org.openqa.selenium.NoSuchElementException: An element could not be located on the page using the given search parameters. (WARNING: The server did not provide any stacktrace information)
Command duration or timeout: 22.61 seconds
For documentation on this error, please visit: http://seleniumhq.org/exceptions/no_such_element.html
Build info: version: '2.53.0', revision: '35ae25b1534ae328c771e0856c93e187490ca824', time: '2016-03-15 10:43:46'
System info: host: 'RaghuKirans-MacBook-Pro.local', ip: '10.10.5.169', os.name: 'Mac OS X', os.arch: 'x86_64', os.version: '10.11.5', java.version: '1.8.0_91'
Driver info: io.appium.java_client.ios.IOSDriver
Capabilities [{unicodekeyboard=true, app=/Users/raghukiranmr/Downloads/IndiaSulekha6.3.2.ipa, networkConnectionEnabled=false, orientation=, noReset=true, bundleId=com.appid.sulekhauserapp, databaseEnabled=false, deviceName=iPhone 5, fullReset=true, platform=MAC, showIOSLog=true, desired={unicodekeyboard=true, app=/Users/raghukiranmr/Downloads/IndiaSulekha6.3.2.ipa, showIOSLog=true, orientation=, noReset=true, platformVersion=9.3.2, automationName=Appium, bundleId=com.appid.sulekhauserapp, platformName=iOS, udid=2dde13a2961f5f1c6f5a0f737daf13bcb43457ef, deviceName=iPhone 5, fullReset=true}, platformVersion=9.3.2, webStorageEnabled=false, locationContextEnabled=false, automationName=Appium, browserName=, takesScreenshot=true, javascriptEnabled=true, platformName=iOS, udid=2dde13a2961f5f1c6f5a0f737daf13bcb43457ef}]
Session ID: 27644b90-5234-4952-b110-1e7b2d45c1a3
*** Element info: {Using=xpath, value=//UIAButton[@name='RESPONSES']}
	at org.openqa.selenium.remote.ErrorHandler.createThrowable(ErrorHandler.java:206)
	at org.openqa.selenium.remote.ErrorHandler.throwIfResponseFailed(ErrorHandler.java:158)
	at org.openqa.selenium.remote.RemoteWebDriver.execute(RemoteWebDriver.java:678)
	at io.appium.java_client.DefaultGenericMobileDriver.execute(DefaultGenericMobileDriver.java:51)
	at io.appium.java_client.AppiumDriver.execute(AppiumDriver.java:1)
	at io.appium.java_client.ios.IOSDriver.execute(IOSDriver.java:1)
	at org.openqa.selenium.remote.RemoteWebDriver.findElement(RemoteWebDriver.java:363)
	at io.appium.java_client.DefaultGenericMobileDriver.findElement(DefaultGenericMobileDriver.java:67)
	at io.appium.java_client.AppiumDriver.findElement(AppiumDriver.java:1)
	at io.appium.java_client.ios.IOSDriver.findElement(IOSDriver.java:1)
	at org.openqa.selenium.remote.RemoteWebDriver.findElementByXPath(RemoteWebDriver.java:500)
	at io.appium.java_client.DefaultGenericMobileDriver.findElementByXPath(DefaultGenericMobileDriver.java:145)
	at io.appium.java_client.AppiumDriver.findElementByXPath(AppiumDriver.java:1)
	at io.appium.java_client.ios.IOSDriver.findElementByXPath(IOSDriver.java:1)
	at org.openqa.selenium.By$ByXPath.findElement(By.java:361)
	at org.openqa.selenium.remote.RemoteWebDriver.findElement(RemoteWebDriver.java:355)
	at io.appium.java_client.DefaultGenericMobileDriver.findElement(DefaultGenericMobileDriver.java:63)
	at io.appium.java_client.AppiumDriver.findElement(AppiumDriver.java:1)
	at io.appium.java_client.ios.IOSDriver.findElement(IOSDriver.java:1)
	at org.openqa.selenium.support.pagefactory.DefaultElementLocator.findElement(DefaultElementLocator.java:69)
	at org.openqa.selenium.support.pagefactory.internal.LocatingElementHandler.invoke(LocatingElementHandler.java:38)
	at com.sun.proxy.$Proxy8.isDisplayed(Unknown Source)
	at com.test.scripts.SDLDWithoutType.testSubmitWithNeedNameAttribute(SDLDWithoutType.java:301)
... Removed 30 stack frames]]>
    </failure>
  </testcase> <!-- testSubmitWithNeedNameAttribute -->
  <testcase name="testSubmitWithAdditionalInfoAttribute" time="105.42" classname="com.test.scripts.SDLDWithoutType"/>
</testsuite> <!-- SDLDWithoutType -->
