<html>
<head>
<title>TestNG:  SDLDWithoutType</title>
<link href="../testng.css" rel="stylesheet" type="text/css" />
<link href="../my-testng.css" rel="stylesheet" type="text/css" />

<style type="text/css">
.log { display: none;} 
.stack-trace { display: none;} 
</style>
<script type="text/javascript">
<!--
function flip(e) {
  current = e.style.display;
  if (current == 'block') {
    e.style.display = 'none';
    return 0;
  }
  else {
    e.style.display = 'block';
    return 1;
  }
}

function toggleBox(szDivId, elem, msg1, msg2)
{
  var res = -1;  if (document.getElementById) {
    res = flip(document.getElementById(szDivId));
  }
  else if (document.all) {
    // this is the way old msie versions work
    res = flip(document.all[szDivId]);
  }
  if(elem) {
    if(res == 0) elem.innerHTML = msg1; else elem.innerHTML = msg2;
  }

}

function toggleAllBoxes() {
  if (document.getElementsByTagName) {
    d = document.getElementsByTagName('div');
    for (i = 0; i < d.length; i++) {
      if (d[i].className == 'log') {
        flip(d[i]);
      }
    }
  }
}

// -->
</script>

</head>
<body>
<h2 align='center'>SDLDWithoutType</h2><table border='1' align="center">
<tr>
<td>Tests passed/Failed/Skipped:</td><td>8/1/0</td>
</tr><tr>
<td>Started on:</td><td>Tue Jul 12 17:37:38 IST 2016</td>
</tr>
<tr><td>Total time:</td><td>1078 seconds (1078144 ms)</td>
</tr><tr>
<td>Included groups:</td><td></td>
</tr><tr>
<td>Excluded groups:</td><td></td>
</tr>
</table><p/>
<small><i>(Hover the method name to see the test class name)</i></small><p/>
<table width='100%' border='1' class='invocation-failed'>
<tr><td colspan='4' align='center'><b>FAILED TESTS</b></td></tr>
<tr><td><b>Test method</b></td>
<td width="30%"><b>Exception</b></td>
<td width="10%"><b>Time (seconds)</b></td>
<td><b>Instance</b></td>
</tr>
<tr>
<td title='com.test.scripts.SDLDWithoutType.testSubmitWithNeedNameAttribute()'><b>testSubmitWithNeedNameAttribute</b><br>Test class: com.test.scripts.SDLDWithoutType<br>Test method: To Tap over SUBMIT button in Confirm and submit page when need name is passed as attribute value.<br/>
<a href="#Output-1446001495" onClick='toggleBox("Output-1446001495", this, "Show output", "Hide output");'>Show output</a>

<a href="#Output-1446001495" onClick="toggleAllBoxes();">Show all outputs</a>
<div class='log' id="Output-1446001495">
STEP279<br/>
STEP280<br/>
STEP281<br/>
STEP282<br/>
STEP283<br/>
</div>
</td>
<td><div><pre>org.openqa.selenium.NoSuchElementException: An element could not be located on the page using the given search parameters. (WARNING: The server did not provide any stacktrace information)
Command duration or timeout: 22.61 seconds
For documentation on this error, please visit: http://seleniumhq.org/exceptions/no_such_element.html
Build info: version: &apos;2.53.0&apos;, revision: &apos;35ae25b1534ae328c771e0856c93e187490ca824&apos;, time: &apos;2016-03-15 10:43:46&apos;
System info: host: &apos;RaghuKirans-MacBook-Pro.local&apos;, ip: &apos;10.10.5.169&apos;, os.name: &apos;Mac OS X&apos;, os.arch: &apos;x86_64&apos;, os.version: &apos;10.11.5&apos;, java.version: &apos;1.8.0_91&apos;
Driver info: io.appium.java_client.ios.IOSDriver
Capabilities [{unicodekeyboard=true, app=/Users/raghukiranmr/Downloads/IndiaSulekha6.3.2.ipa, networkConnectionEnabled=false, orientation=, noReset=true, bundleId=com.appid.sulekhauserapp, databaseEnabled=false, deviceName=iPhone 5, fullReset=true, platform=MAC, showIOSLog=true, desired={unicodekeyboard=true, app=/Users/raghukiranmr/Downloads/IndiaSulekha6.3.2.ipa, showIOSLog=true, orientation=, noReset=true, platformVersion=9.3.2, automationName=Appium, bundleId=com.appid.sulekhauserapp, platformName=iOS, udid=2dde13a2961f5f1c6f5a0f737daf13bcb43457ef, deviceName=iPhone 5, fullReset=true}, platformVersion=9.3.2, webStorageEnabled=false, locationContextEnabled=false, automationName=Appium, browserName=, takesScreenshot=true, javascriptEnabled=true, platformName=iOS, udid=2dde13a2961f5f1c6f5a0f737daf13bcb43457ef}]
Session ID: 27644b90-5234-4952-b110-1e7b2d45c1a3
*** Element info: {Using=xpath, value=//UIAButton[@name=&apos;RESPONSES&apos;]}
	at org.openqa.selenium.remote.ErrorHandler.createThrowable(ErrorHandler.java:206)
	at org.openqa.selenium.remote.ErrorHandler.throwIfResponseFailed(ErrorHandler.java:158)
	at org.openqa.selenium.remote.RemoteWebDriver.execute(RemoteWebDriver.java:678)
	at io.appium.java_client.DefaultGenericMobileDriver.execute(DefaultGenericMobileDriver.java:51)
	at io.appium.java_client.AppiumDriver.execute(AppiumDriver.java:1)
	at io.appium.java_client.ios.IOSDriver.execute(IOSDriver.java:1)
	at org.openqa.selenium.remote.RemoteWebDriver.findElement(RemoteWebDriver.java:363)
	at io.appium.java_client.DefaultGenericMobileDriver.findElement(DefaultGenericMobileDriver.java:67)
	at io.appium.java_client.AppiumDriver.findElement(AppiumDriver.java:1)
	at io.appium.java_client.ios.IOSDriver.findElement(IOSDriver.java:1)
	at org.openqa.selenium.remote.RemoteWebDriver.findElementByXPath(RemoteWebDriver.java:500)
	at io.appium.java_client.DefaultGenericMobileDriver.findElementByXPath(DefaultGenericMobileDriver.java:145)
	at io.appium.java_client.AppiumDriver.findElementByXPath(AppiumDriver.java:1)
	at io.appium.java_client.ios.IOSDriver.findElementByXPath(IOSDriver.java:1)
	at org.openqa.selenium.By$ByXPath.findElement(By.java:361)
	at org.openqa.selenium.remote.RemoteWebDriver.findElement(RemoteWebDriver.java:355)
	at io.appium.java_client.DefaultGenericMobileDriver.findElement(DefaultGenericMobileDriver.java:63)
	at io.appium.java_client.AppiumDriver.findElement(AppiumDriver.java:1)
	at io.appium.java_client.ios.IOSDriver.findElement(IOSDriver.java:1)
	at org.openqa.selenium.support.pagefactory.DefaultElementLocator.findElement(DefaultElementLocator.java:69)
	at org.openqa.selenium.support.pagefactory.internal.LocatingElementHandler.invoke(LocatingElementHandler.java:38)
	at com.sun.proxy.$Proxy8.isDisplayed(Unknown Source)
	at com.test.scripts.SDLDWithoutType.testSubmitWithNeedNameAttribute(SDLDWithoutType.java:301)
... Removed 30 stack frames</pre></div><a href='#' onClick='toggleBox("stack-trace1446001495", this, "Click to show all stack frames", "Click to hide stack frames")'>Click to show all stack frames</a>
<div class='stack-trace' id='stack-trace1446001495'><pre>org.openqa.selenium.NoSuchElementException: An element could not be located on the page using the given search parameters. (WARNING: The server did not provide any stacktrace information)
Command duration or timeout: 22.61 seconds
For documentation on this error, please visit: http://seleniumhq.org/exceptions/no_such_element.html
Build info: version: &apos;2.53.0&apos;, revision: &apos;35ae25b1534ae328c771e0856c93e187490ca824&apos;, time: &apos;2016-03-15 10:43:46&apos;
System info: host: &apos;RaghuKirans-MacBook-Pro.local&apos;, ip: &apos;10.10.5.169&apos;, os.name: &apos;Mac OS X&apos;, os.arch: &apos;x86_64&apos;, os.version: &apos;10.11.5&apos;, java.version: &apos;1.8.0_91&apos;
Driver info: io.appium.java_client.ios.IOSDriver
Capabilities [{unicodekeyboard=true, app=/Users/raghukiranmr/Downloads/IndiaSulekha6.3.2.ipa, networkConnectionEnabled=false, orientation=, noReset=true, bundleId=com.appid.sulekhauserapp, databaseEnabled=false, deviceName=iPhone 5, fullReset=true, platform=MAC, showIOSLog=true, desired={unicodekeyboard=true, app=/Users/raghukiranmr/Downloads/IndiaSulekha6.3.2.ipa, showIOSLog=true, orientation=, noReset=true, platformVersion=9.3.2, automationName=Appium, bundleId=com.appid.sulekhauserapp, platformName=iOS, udid=2dde13a2961f5f1c6f5a0f737daf13bcb43457ef, deviceName=iPhone 5, fullReset=true}, platformVersion=9.3.2, webStorageEnabled=false, locationContextEnabled=false, automationName=Appium, browserName=, takesScreenshot=true, javascriptEnabled=true, platformName=iOS, udid=2dde13a2961f5f1c6f5a0f737daf13bcb43457ef}]
Session ID: 27644b90-5234-4952-b110-1e7b2d45c1a3
*** Element info: {Using=xpath, value=//UIAButton[@name=&apos;RESPONSES&apos;]}
	at sun.reflect.GeneratedConstructorAccessor58.newInstance(Unknown Source)
	at sun.reflect.DelegatingConstructorAccessorImpl.newInstance(DelegatingConstructorAccessorImpl.java:45)
	at java.lang.reflect.Constructor.newInstance(Constructor.java:423)
	at org.openqa.selenium.remote.ErrorHandler.createThrowable(ErrorHandler.java:206)
	at org.openqa.selenium.remote.ErrorHandler.throwIfResponseFailed(ErrorHandler.java:158)
	at org.openqa.selenium.remote.RemoteWebDriver.execute(RemoteWebDriver.java:678)
	at io.appium.java_client.DefaultGenericMobileDriver.execute(DefaultGenericMobileDriver.java:51)
	at io.appium.java_client.AppiumDriver.execute(AppiumDriver.java:1)
	at io.appium.java_client.ios.IOSDriver.execute(IOSDriver.java:1)
	at org.openqa.selenium.remote.RemoteWebDriver.findElement(RemoteWebDriver.java:363)
	at io.appium.java_client.DefaultGenericMobileDriver.findElement(DefaultGenericMobileDriver.java:67)
	at io.appium.java_client.AppiumDriver.findElement(AppiumDriver.java:1)
	at io.appium.java_client.ios.IOSDriver.findElement(IOSDriver.java:1)
	at org.openqa.selenium.remote.RemoteWebDriver.findElementByXPath(RemoteWebDriver.java:500)
	at io.appium.java_client.DefaultGenericMobileDriver.findElementByXPath(DefaultGenericMobileDriver.java:145)
	at io.appium.java_client.AppiumDriver.findElementByXPath(AppiumDriver.java:1)
	at io.appium.java_client.ios.IOSDriver.findElementByXPath(IOSDriver.java:1)
	at org.openqa.selenium.By$ByXPath.findElement(By.java:361)
	at org.openqa.selenium.remote.RemoteWebDriver.findElement(RemoteWebDriver.java:355)
	at io.appium.java_client.DefaultGenericMobileDriver.findElement(DefaultGenericMobileDriver.java:63)
	at io.appium.java_client.AppiumDriver.findElement(AppiumDriver.java:1)
	at io.appium.java_client.ios.IOSDriver.findElement(IOSDriver.java:1)
	at org.openqa.selenium.support.pagefactory.DefaultElementLocator.findElement(DefaultElementLocator.java:69)
	at org.openqa.selenium.support.pagefactory.internal.LocatingElementHandler.invoke(LocatingElementHandler.java:38)
	at com.sun.proxy.$Proxy8.isDisplayed(Unknown Source)
	at com.test.scripts.SDLDWithoutType.testSubmitWithNeedNameAttribute(SDLDWithoutType.java:301)
	at sun.reflect.NativeMethodAccessorImpl.invoke0(Native Method)
	at sun.reflect.NativeMethodAccessorImpl.invoke(NativeMethodAccessorImpl.java:62)
	at sun.reflect.DelegatingMethodAccessorImpl.invoke(DelegatingMethodAccessorImpl.java:43)
	at java.lang.reflect.Method.invoke(Method.java:498)
	at org.testng.internal.MethodInvocationHelper.invokeMethod(MethodInvocationHelper.java:85)
	at org.testng.internal.Invoker.invokeMethod(Invoker.java:659)
	at org.testng.internal.Invoker.invokeTestMethod(Invoker.java:845)
	at org.testng.internal.Invoker.invokeTestMethods(Invoker.java:1153)
	at org.testng.internal.TestMethodWorker.invokeTestMethods(TestMethodWorker.java:125)
	at org.testng.internal.TestMethodWorker.run(TestMethodWorker.java:108)
	at org.testng.TestRunner.privateRun(TestRunner.java:771)
	at org.testng.TestRunner.run(TestRunner.java:621)
	at org.testng.SuiteRunner.runTest(SuiteRunner.java:357)
	at org.testng.SuiteRunner.runSequentially(SuiteRunner.java:352)
	at org.testng.SuiteRunner.privateRun(SuiteRunner.java:310)
	at org.testng.SuiteRunner.run(SuiteRunner.java:259)
	at org.testng.SuiteRunnerWorker.runSuite(SuiteRunnerWorker.java:52)
	at org.testng.SuiteRunnerWorker.run(SuiteRunnerWorker.java:86)
	at org.testng.TestNG.runSuitesSequentially(TestNG.java:1199)
	at org.testng.TestNG.runSuitesLocally(TestNG.java:1124)
	at org.testng.TestNG.run(TestNG.java:1032)
	at org.apache.maven.surefire.testng.TestNGExecutor.run(TestNGExecutor.java:282)
	at org.apache.maven.surefire.testng.TestNGXmlTestSuite.execute(TestNGXmlTestSuite.java:83)
	at org.apache.maven.surefire.testng.TestNGProvider.invoke(TestNGProvider.java:114)
	at org.apache.maven.surefire.booter.ForkedBooter.invokeProviderInSameClassLoader(ForkedBooter.java:286)
	at org.apache.maven.surefire.booter.ForkedBooter.runSuitesInProcess(ForkedBooter.java:240)
	at org.apache.maven.surefire.booter.ForkedBooter.main(ForkedBooter.java:121)
</pre></div></td>
<td>119</td>
<td>com.test.scripts.SDLDWithoutType@531be3c5</td></tr>
</table><p>
<table width='100%' border='1' class='invocation-passed'>
<tr><td colspan='4' align='center'><b>PASSED TESTS</b></td></tr>
<tr><td><b>Test method</b></td>
<td width="30%"><b>Exception</b></td>
<td width="10%"><b>Time (seconds)</b></td>
<td><b>Instance</b></td>
</tr>
<tr>
<td title='com.test.scripts.SDLDWithoutType.testConfirmAndSubmitScreen()'><b>testConfirmAndSubmitScreen</b><br>Test class: com.test.scripts.SDLDWithoutType<br>Test method: Tap on NEXT in Contact information page.<br/>
<a href="#Output-1221981006" onClick='toggleBox("Output-1221981006", this, "Show output", "Hide output");'>Show output</a>

<a href="#Output-1221981006" onClick="toggleAllBoxes();">Show all outputs</a>
<div class='log' id="Output-1221981006">
STEP243<br/>
STEP244<br/>
STEP245<br/>
STEP246<br/>
STEP247<br/>
</div>
</td>
<td></td>
<td>73</td>
<td>com.test.scripts.SDLDWithoutType@531be3c5</td></tr>
<tr>
<td title='com.test.scripts.SDLDWithoutType.testEditIcnforAdditionalInfo()'><b>testEditIcnforAdditionalInfo</b><br>Test class: com.test.scripts.SDLDWithoutType<br>Test method: To tap over EDIT icon for the Additional info/ Need  in Confirm and submit page.<br/>
<a href="#Output-1048712791" onClick='toggleBox("Output-1048712791", this, "Show output", "Hide output");'>Show output</a>

<a href="#Output-1048712791" onClick="toggleAllBoxes();">Show all outputs</a>
<div class='log' id="Output-1048712791">
STEP264<br/>
STEP265<br/>
STEP266<br/>
STEP267<br/>
STEP268<br/>
STEP269<br/>
STEP270<br/>
</div>
</td>
<td></td>
<td>87</td>
<td>com.test.scripts.SDLDWithoutType@531be3c5</td></tr>
<tr>
<td title='com.test.scripts.SDLDWithoutType.testNeedLabelNeedName()'><b>testNeedLabelNeedName</b><br>Test class: com.test.scripts.SDLDWithoutType<br>Test method: To check in Confirm and submit page when value is not provided in 'Tell us more' field.<br/>
<a href="#Output-753631393" onClick='toggleBox("Output-753631393", this, "Show output", "Hide output");'>Show output</a>

<a href="#Output-753631393" onClick="toggleAllBoxes();">Show all outputs</a>
<div class='log' id="Output-753631393">
STEP248<br/>
STEP249<br/>
STEP250<br/>
STEP251<br/>
STEP252<br/>
STEP253<br/>
STEP254<br/>
STEP255<br/>
</div>
</td>
<td></td>
<td>66</td>
<td>com.test.scripts.SDLDWithoutType@531be3c5</td></tr>
<tr>
<td title='com.test.scripts.SDLDWithoutType.testNextWithEmptyTellusMoreFld()'><b>testNextWithEmptyTellusMoreFld</b><br>Test class: com.test.scripts.SDLDWithoutType<br>Test method: To Tap over NEXT button without entering any value in Tell us more field.<br/>
<a href="#Output-33563464" onClick='toggleBox("Output-33563464", this, "Show output", "Hide output");'>Show output</a>

<a href="#Output-33563464" onClick="toggleAllBoxes();">Show all outputs</a>
<div class='log' id="Output-33563464">
STEP239<br/>
STEP240<br/>
STEP241<br/>
STEP242<br/>
</div>
</td>
<td></td>
<td>49</td>
<td>com.test.scripts.SDLDWithoutType@531be3c5</td></tr>
<tr>
<td title='com.test.scripts.SDLDWithoutType.testSubmitWithAdditionalInfoAttribute()'><b>testSubmitWithAdditionalInfoAttribute</b><br>Test class: com.test.scripts.SDLDWithoutType<br>Test method: Tap over SUBMIT button in Confirm and submit page when Additional info is passed as attribute value.<br/>
<a href="#Output-269892014" onClick='toggleBox("Output-269892014", this, "Show output", "Hide output");'>Show output</a>

<a href="#Output-269892014" onClick="toggleAllBoxes();">Show all outputs</a>
<div class='log' id="Output-269892014">
STEP284<br/>
STEP285<br/>
STEP286<br/>
STEP287<br/>
STEP288<br/>
STEP289<br/>
</div>
</td>
<td></td>
<td>105</td>
<td>com.test.scripts.SDLDWithoutType@531be3c5</td></tr>
<tr>
<td title='com.test.scripts.SDLDWithoutType.testTellUsMoreLabel()'><b>testTellUsMoreLabel</b><br>Test class: com.test.scripts.SDLDWithoutType<br>Test method: To check if user is shown question with 'Tell us more' label for this case.<br/>
<a href="#Output-1925352804" onClick='toggleBox("Output-1925352804", this, "Show output", "Hide output");'>Show output</a>

<a href="#Output-1925352804" onClick="toggleAllBoxes();">Show all outputs</a>
<div class='log' id="Output-1925352804">
STEP236<br/>
STEP237<br/>
STEP238<br/>
</div>
</td>
<td></td>
<td>42</td>
<td>com.test.scripts.SDLDWithoutType@531be3c5</td></tr>
<tr>
<td title='com.test.scripts.SDLDWithoutType.testTellusMoreFldWithValue()'><b>testTellusMoreFldWithValue</b><br>Test class: com.test.scripts.SDLDWithoutType<br>Test method: To check in Confirm and submit page when value is provided in 'Tell us more' field.<br/>
<a href="#Output-221861886" onClick='toggleBox("Output-221861886", this, "Show output", "Hide output");'>Show output</a>

<a href="#Output-221861886" onClick="toggleAllBoxes();">Show all outputs</a>
<div class='log' id="Output-221861886">
STEP256<br/>
STEP257<br/>
STEP258<br/>
STEP259<br/>
STEP260<br/>
STEP261<br/>
STEP262<br/>
STEP263<br/>
</div>
</td>
<td></td>
<td>84</td>
<td>com.test.scripts.SDLDWithoutType@531be3c5</td></tr>
<tr>
<td title='com.test.scripts.SDLDWithoutType.testUpdateInfo()'><b>testUpdateInfo</b><br>Test class: com.test.scripts.SDLDWithoutType<br>Test method: To tap over NEXT button after updating the Additional Info.<br/>
<a href="#Output-1642679791" onClick='toggleBox("Output-1642679791", this, "Show output", "Hide output");'>Show output</a>

<a href="#Output-1642679791" onClick="toggleAllBoxes();">Show all outputs</a>
<div class='log' id="Output-1642679791">
STEP271<br/>
STEP272<br/>
STEP273<br/>
STEP274<br/>
STEP275<br/>
STEP276<br/>
STEP277<br/>
STEP278<br/>
</div>
</td>
<td></td>
<td>121</td>
<td>com.test.scripts.SDLDWithoutType@531be3c5</td></tr>
</table><p>
</body>
</html>