<html>
<head>
<title>TestNG:  SDLDwithType</title>
<link href="../testng.css" rel="stylesheet" type="text/css" />
<link href="../my-testng.css" rel="stylesheet" type="text/css" />

<style type="text/css">
.log { display: none;} 
.stack-trace { display: none;} 
</style>
<script type="text/javascript">
<!--
function flip(e) {
  current = e.style.display;
  if (current == 'block') {
    e.style.display = 'none';
    return 0;
  }
  else {
    e.style.display = 'block';
    return 1;
  }
}

function toggleBox(szDivId, elem, msg1, msg2)
{
  var res = -1;  if (document.getElementById) {
    res = flip(document.getElementById(szDivId));
  }
  else if (document.all) {
    // this is the way old msie versions work
    res = flip(document.all[szDivId]);
  }
  if(elem) {
    if(res == 0) elem.innerHTML = msg1; else elem.innerHTML = msg2;
  }

}

function toggleAllBoxes() {
  if (document.getElementsByTagName) {
    d = document.getElementsByTagName('div');
    for (i = 0; i < d.length; i++) {
      if (d[i].className == 'log') {
        flip(d[i]);
      }
    }
  }
}

// -->
</script>

</head>
<body>
<h2 align='center'>SDLDwithType</h2><table border='1' align="center">
<tr>
<td>Tests passed/Failed/Skipped:</td><td>6/1/0</td>
</tr><tr>
<td>Started on:</td><td>Tue Jul 12 17:55:36 IST 2016</td>
</tr>
<tr><td>Total time:</td><td>750 seconds (750398 ms)</td>
</tr><tr>
<td>Included groups:</td><td></td>
</tr><tr>
<td>Excluded groups:</td><td></td>
</tr>
</table><p/>
<small><i>(Hover the method name to see the test class name)</i></small><p/>
<table width='100%' border='1' class='invocation-failed'>
<tr><td colspan='4' align='center'><b>FAILED TESTS</b></td></tr>
<tr><td><b>Test method</b></td>
<td width="30%"><b>Exception</b></td>
<td width="10%"><b>Time (seconds)</b></td>
<td><b>Instance</b></td>
</tr>
<tr>
<td title='com.test.scripts.SDLDwithType.testSubmitRequestBtn()'><b>testSubmitRequestBtn</b><br>Test class: com.test.scripts.SDLDwithType<br>Test method: Tap over SUBMIT button in Confirm and submit page<br/>
<a href="#Output-904253669" onClick='toggleBox("Output-904253669", this, "Show output", "Hide output");'>Show output</a>

<a href="#Output-904253669" onClick="toggleAllBoxes();">Show all outputs</a>
<div class='log' id="Output-904253669">
STEP321<br/>
STEP322<br/>
STEP323<br/>
STEP324<br/>
STEP325<br/>
STEP326<br/>
</div>
</td>
<td><div><pre>org.openqa.selenium.NoSuchElementException: An element could not be located on the page using the given search parameters. (WARNING: The server did not provide any stacktrace information)
Command duration or timeout: 22.33 seconds
For documentation on this error, please visit: http://seleniumhq.org/exceptions/no_such_element.html
Build info: version: &apos;2.53.0&apos;, revision: &apos;35ae25b1534ae328c771e0856c93e187490ca824&apos;, time: &apos;2016-03-15 10:43:46&apos;
System info: host: &apos;RaghuKirans-MacBook-Pro.local&apos;, ip: &apos;10.10.5.169&apos;, os.name: &apos;Mac OS X&apos;, os.arch: &apos;x86_64&apos;, os.version: &apos;10.11.5&apos;, java.version: &apos;1.8.0_91&apos;
Driver info: io.appium.java_client.ios.IOSDriver
Capabilities [{unicodekeyboard=true, app=/Users/raghukiranmr/Downloads/IndiaSulekha6.3.2.ipa, networkConnectionEnabled=false, orientation=, noReset=true, bundleId=com.appid.sulekhauserapp, databaseEnabled=false, deviceName=iPhone 5, fullReset=true, platform=MAC, showIOSLog=true, desired={unicodekeyboard=true, app=/Users/raghukiranmr/Downloads/IndiaSulekha6.3.2.ipa, showIOSLog=true, orientation=, noReset=true, platformVersion=9.3.2, automationName=Appium, bundleId=com.appid.sulekhauserapp, platformName=iOS, udid=2dde13a2961f5f1c6f5a0f737daf13bcb43457ef, deviceName=iPhone 5, fullReset=true}, platformVersion=9.3.2, webStorageEnabled=false, locationContextEnabled=false, automationName=Appium, browserName=, takesScreenshot=true, javascriptEnabled=true, platformName=iOS, udid=2dde13a2961f5f1c6f5a0f737daf13bcb43457ef}]
Session ID: f9ae23a0-1ed2-4eee-a044-8ffe7239e942
*** Element info: {Using=xpath, value=//UIAButton[@name=&apos;RESPONSES&apos;]}
	at org.openqa.selenium.remote.ErrorHandler.createThrowable(ErrorHandler.java:206)
	at org.openqa.selenium.remote.ErrorHandler.throwIfResponseFailed(ErrorHandler.java:158)
	at org.openqa.selenium.remote.RemoteWebDriver.execute(RemoteWebDriver.java:678)
	at io.appium.java_client.DefaultGenericMobileDriver.execute(DefaultGenericMobileDriver.java:51)
	at io.appium.java_client.AppiumDriver.execute(AppiumDriver.java:1)
	at io.appium.java_client.ios.IOSDriver.execute(IOSDriver.java:1)
	at org.openqa.selenium.remote.RemoteWebDriver.findElement(RemoteWebDriver.java:363)
	at io.appium.java_client.DefaultGenericMobileDriver.findElement(DefaultGenericMobileDriver.java:67)
	at io.appium.java_client.AppiumDriver.findElement(AppiumDriver.java:1)
	at io.appium.java_client.ios.IOSDriver.findElement(IOSDriver.java:1)
	at org.openqa.selenium.remote.RemoteWebDriver.findElementByXPath(RemoteWebDriver.java:500)
	at io.appium.java_client.DefaultGenericMobileDriver.findElementByXPath(DefaultGenericMobileDriver.java:145)
	at io.appium.java_client.AppiumDriver.findElementByXPath(AppiumDriver.java:1)
	at io.appium.java_client.ios.IOSDriver.findElementByXPath(IOSDriver.java:1)
	at org.openqa.selenium.By$ByXPath.findElement(By.java:361)
	at org.openqa.selenium.remote.RemoteWebDriver.findElement(RemoteWebDriver.java:355)
	at io.appium.java_client.DefaultGenericMobileDriver.findElement(DefaultGenericMobileDriver.java:63)
	at io.appium.java_client.AppiumDriver.findElement(AppiumDriver.java:1)
	at io.appium.java_client.ios.IOSDriver.findElement(IOSDriver.java:1)
	at org.openqa.selenium.support.pagefactory.DefaultElementLocator.findElement(DefaultElementLocator.java:69)
	at org.openqa.selenium.support.pagefactory.internal.LocatingElementHandler.invoke(LocatingElementHandler.java:38)
	at com.sun.proxy.$Proxy8.isDisplayed(Unknown Source)
	at com.test.scripts.SDLDwithType.testSubmitRequestBtn(SDLDwithType.java:311)
... Removed 30 stack frames</pre></div><a href='#' onClick='toggleBox("stack-trace904253669", this, "Click to show all stack frames", "Click to hide stack frames")'>Click to show all stack frames</a>
<div class='stack-trace' id='stack-trace904253669'><pre>org.openqa.selenium.NoSuchElementException: An element could not be located on the page using the given search parameters. (WARNING: The server did not provide any stacktrace information)
Command duration or timeout: 22.33 seconds
For documentation on this error, please visit: http://seleniumhq.org/exceptions/no_such_element.html
Build info: version: &apos;2.53.0&apos;, revision: &apos;35ae25b1534ae328c771e0856c93e187490ca824&apos;, time: &apos;2016-03-15 10:43:46&apos;
System info: host: &apos;RaghuKirans-MacBook-Pro.local&apos;, ip: &apos;10.10.5.169&apos;, os.name: &apos;Mac OS X&apos;, os.arch: &apos;x86_64&apos;, os.version: &apos;10.11.5&apos;, java.version: &apos;1.8.0_91&apos;
Driver info: io.appium.java_client.ios.IOSDriver
Capabilities [{unicodekeyboard=true, app=/Users/raghukiranmr/Downloads/IndiaSulekha6.3.2.ipa, networkConnectionEnabled=false, orientation=, noReset=true, bundleId=com.appid.sulekhauserapp, databaseEnabled=false, deviceName=iPhone 5, fullReset=true, platform=MAC, showIOSLog=true, desired={unicodekeyboard=true, app=/Users/raghukiranmr/Downloads/IndiaSulekha6.3.2.ipa, showIOSLog=true, orientation=, noReset=true, platformVersion=9.3.2, automationName=Appium, bundleId=com.appid.sulekhauserapp, platformName=iOS, udid=2dde13a2961f5f1c6f5a0f737daf13bcb43457ef, deviceName=iPhone 5, fullReset=true}, platformVersion=9.3.2, webStorageEnabled=false, locationContextEnabled=false, automationName=Appium, browserName=, takesScreenshot=true, javascriptEnabled=true, platformName=iOS, udid=2dde13a2961f5f1c6f5a0f737daf13bcb43457ef}]
Session ID: f9ae23a0-1ed2-4eee-a044-8ffe7239e942
*** Element info: {Using=xpath, value=//UIAButton[@name=&apos;RESPONSES&apos;]}
	at sun.reflect.GeneratedConstructorAccessor58.newInstance(Unknown Source)
	at sun.reflect.DelegatingConstructorAccessorImpl.newInstance(DelegatingConstructorAccessorImpl.java:45)
	at java.lang.reflect.Constructor.newInstance(Constructor.java:423)
	at org.openqa.selenium.remote.ErrorHandler.createThrowable(ErrorHandler.java:206)
	at org.openqa.selenium.remote.ErrorHandler.throwIfResponseFailed(ErrorHandler.java:158)
	at org.openqa.selenium.remote.RemoteWebDriver.execute(RemoteWebDriver.java:678)
	at io.appium.java_client.DefaultGenericMobileDriver.execute(DefaultGenericMobileDriver.java:51)
	at io.appium.java_client.AppiumDriver.execute(AppiumDriver.java:1)
	at io.appium.java_client.ios.IOSDriver.execute(IOSDriver.java:1)
	at org.openqa.selenium.remote.RemoteWebDriver.findElement(RemoteWebDriver.java:363)
	at io.appium.java_client.DefaultGenericMobileDriver.findElement(DefaultGenericMobileDriver.java:67)
	at io.appium.java_client.AppiumDriver.findElement(AppiumDriver.java:1)
	at io.appium.java_client.ios.IOSDriver.findElement(IOSDriver.java:1)
	at org.openqa.selenium.remote.RemoteWebDriver.findElementByXPath(RemoteWebDriver.java:500)
	at io.appium.java_client.DefaultGenericMobileDriver.findElementByXPath(DefaultGenericMobileDriver.java:145)
	at io.appium.java_client.AppiumDriver.findElementByXPath(AppiumDriver.java:1)
	at io.appium.java_client.ios.IOSDriver.findElementByXPath(IOSDriver.java:1)
	at org.openqa.selenium.By$ByXPath.findElement(By.java:361)
	at org.openqa.selenium.remote.RemoteWebDriver.findElement(RemoteWebDriver.java:355)
	at io.appium.java_client.DefaultGenericMobileDriver.findElement(DefaultGenericMobileDriver.java:63)
	at io.appium.java_client.AppiumDriver.findElement(AppiumDriver.java:1)
	at io.appium.java_client.ios.IOSDriver.findElement(IOSDriver.java:1)
	at org.openqa.selenium.support.pagefactory.DefaultElementLocator.findElement(DefaultElementLocator.java:69)
	at org.openqa.selenium.support.pagefactory.internal.LocatingElementHandler.invoke(LocatingElementHandler.java:38)
	at com.sun.proxy.$Proxy8.isDisplayed(Unknown Source)
	at com.test.scripts.SDLDwithType.testSubmitRequestBtn(SDLDwithType.java:311)
	at sun.reflect.NativeMethodAccessorImpl.invoke0(Native Method)
	at sun.reflect.NativeMethodAccessorImpl.invoke(NativeMethodAccessorImpl.java:62)
	at sun.reflect.DelegatingMethodAccessorImpl.invoke(DelegatingMethodAccessorImpl.java:43)
	at java.lang.reflect.Method.invoke(Method.java:498)
	at org.testng.internal.MethodInvocationHelper.invokeMethod(MethodInvocationHelper.java:85)
	at org.testng.internal.Invoker.invokeMethod(Invoker.java:659)
	at org.testng.internal.Invoker.invokeTestMethod(Invoker.java:845)
	at org.testng.internal.Invoker.invokeTestMethods(Invoker.java:1153)
	at org.testng.internal.TestMethodWorker.invokeTestMethods(TestMethodWorker.java:125)
	at org.testng.internal.TestMethodWorker.run(TestMethodWorker.java:108)
	at org.testng.TestRunner.privateRun(TestRunner.java:771)
	at org.testng.TestRunner.run(TestRunner.java:621)
	at org.testng.SuiteRunner.runTest(SuiteRunner.java:357)
	at org.testng.SuiteRunner.runSequentially(SuiteRunner.java:352)
	at org.testng.SuiteRunner.privateRun(SuiteRunner.java:310)
	at org.testng.SuiteRunner.run(SuiteRunner.java:259)
	at org.testng.SuiteRunnerWorker.runSuite(SuiteRunnerWorker.java:52)
	at org.testng.SuiteRunnerWorker.run(SuiteRunnerWorker.java:86)
	at org.testng.TestNG.runSuitesSequentially(TestNG.java:1199)
	at org.testng.TestNG.runSuitesLocally(TestNG.java:1124)
	at org.testng.TestNG.run(TestNG.java:1032)
	at org.apache.maven.surefire.testng.TestNGExecutor.run(TestNGExecutor.java:282)
	at org.apache.maven.surefire.testng.TestNGXmlTestSuite.execute(TestNGXmlTestSuite.java:83)
	at org.apache.maven.surefire.testng.TestNGProvider.invoke(TestNGProvider.java:114)
	at org.apache.maven.surefire.booter.ForkedBooter.invokeProviderInSameClassLoader(ForkedBooter.java:286)
	at org.apache.maven.surefire.booter.ForkedBooter.runSuitesInProcess(ForkedBooter.java:240)
	at org.apache.maven.surefire.booter.ForkedBooter.main(ForkedBooter.java:121)
</pre></div></td>
<td>117</td>
<td>com.test.scripts.SDLDwithType@737996a0</td></tr>
</table><p>
<table width='100%' border='1' class='invocation-passed'>
<tr><td colspan='4' align='center'><b>PASSED TESTS</b></td></tr>
<tr><td><b>Test method</b></td>
<td width="30%"><b>Exception</b></td>
<td width="10%"><b>Time (seconds)</b></td>
<td><b>Instance</b></td>
</tr>
<tr>
<td title='com.test.scripts.SDLDwithType.testConfirmAndSubmitScreen()'><b>testConfirmAndSubmitScreen</b><br>Test class: com.test.scripts.SDLDwithType<br>Test method: Tap on NEXT in Contact information page,user should be navigated to Confirm and submit page.<br/>
<a href="#Output-1479140596" onClick='toggleBox("Output-1479140596", this, "Show output", "Hide output");'>Show output</a>

<a href="#Output-1479140596" onClick="toggleAllBoxes();">Show all outputs</a>
<div class='log' id="Output-1479140596">
STEP307<br/>
STEP308<br/>
STEP309<br/>
STEP310<br/>
</div>
</td>
<td></td>
<td>54</td>
<td>com.test.scripts.SDLDwithType@737996a0</td></tr>
<tr>
<td title='com.test.scripts.SDLDwithType.testEditIcon()'><b>testEditIcon</b><br>Test class: com.test.scripts.SDLDwithType<br>Test method: Tap over EDIT icon for the attribute group questionnaire in Confirm and submit page,User should be navigated to that specific questionnaire.<br/>
<a href="#Output-3565780" onClick='toggleBox("Output-3565780", this, "Show output", "Hide output");'>Show output</a>

<a href="#Output-3565780" onClick="toggleAllBoxes();">Show all outputs</a>
<div class='log' id="Output-3565780">
STEP311<br/>
STEP312<br/>
STEP313<br/>
STEP314<br/>
STEP315<br/>
</div>
</td>
<td></td>
<td>61</td>
<td>com.test.scripts.SDLDwithType@737996a0</td></tr>
<tr>
<td title='com.test.scripts.SDLDwithType.testOptionAlert()'><b>testOptionAlert</b><br>Test class: com.test.scripts.SDLDwithType<br>Test method: Tap on next button without choosing any option.<br/>
<a href="#Output-50503805" onClick='toggleBox("Output-50503805", this, "Show output", "Hide output");'>Show output</a>

<a href="#Output-50503805" onClick="toggleAllBoxes();">Show all outputs</a>
<div class='log' id="Output-50503805">
STEP304<br/>
STEP305<br/>
STEP306<br/>
</div>
</td>
<td></td>
<td>51</td>
<td>com.test.scripts.SDLDwithType@737996a0</td></tr>
<tr>
<td title='com.test.scripts.SDLDwithType.testSDLDNeedWithType()'><b>testSDLDNeedWithType</b><br>Test class: com.test.scripts.SDLDwithType<br>Test method: Only one question form should be displayed followed by Contact Info page<br/>
<a href="#Output-2120063568" onClick='toggleBox("Output-2120063568", this, "Show output", "Hide output");'>Show output</a>

<a href="#Output-2120063568" onClick="toggleAllBoxes();">Show all outputs</a>
<div class='log' id="Output-2120063568">
STEP296<br/>
STEP297<br/>
STEP298<br/>
STEP299<br/>
</div>
</td>
<td></td>
<td>52</td>
<td>com.test.scripts.SDLDwithType@737996a0</td></tr>
<tr>
<td title='com.test.scripts.SDLDwithType.testSingleSelectQuestion()'><b>testSingleSelectQuestion</b><br>Test class: com.test.scripts.SDLDwithType<br>Test method: User should be shown a single select question with types to choose<br/>
<a href="#Output-1088417975" onClick='toggleBox("Output-1088417975", this, "Show output", "Hide output");'>Show output</a>

<a href="#Output-1088417975" onClick="toggleAllBoxes();">Show all outputs</a>
<div class='log' id="Output-1088417975">
STEP300<br/>
STEP301<br/>
STEP302<br/>
STEP303<br/>
</div>
</td>
<td></td>
<td>47</td>
<td>com.test.scripts.SDLDwithType@737996a0</td></tr>
<tr>
<td title='com.test.scripts.SDLDwithType.testUpdatingAttribute()'><b>testUpdatingAttribute</b><br>Test class: com.test.scripts.SDLDwithType<br>Test method: Tap over NEXT button after updating.User should be navigated to Confirm and submit page after updating an attribute in the question page.<br/>
<a href="#Output-2082351661" onClick='toggleBox("Output-2082351661", this, "Show output", "Hide output");'>Show output</a>

<a href="#Output-2082351661" onClick="toggleAllBoxes();">Show all outputs</a>
<div class='log' id="Output-2082351661">
STEP316<br/>
STEP317<br/>
STEP318<br/>
STEP319<br/>
STEP320<br/>
</div>
</td>
<td></td>
<td>69</td>
<td>com.test.scripts.SDLDwithType@737996a0</td></tr>
</table><p>
</body>
</html>